============================================================
[*] TLShunter Chrome analysis started
[*] Start time      : 2026-04-16 17:03:05 +0800
[*] Host            : palm-Dell-Pro-Tower-QCT1250
[*] Root dir        : /home/palm/TLSHunter
[*] Binary          : /home/palm/TLSHunter/TLSKeyHunter/binary/chrome
[*] Image tag       : tlshunter-integrated:phase2
[*] Log file        : /home/palm/TLSHunter/results/chrome_analysis_20260416_170305.log
[*] JSON output     : /home/palm/TLSHunter/results/143_auto.json
[*] Worker PID      : 1006451
============================================================
[*] Docker image not found, building...
DEPRECATED: The legacy builder is deprecated and will be removed in a future release.
            Install the buildx component to build images with BuildKit:
            https://docs.docker.com/go/buildx/

Sending build context to Docker daemon   3.16GB
Step 1/18 : FROM gradle:jdk21
 ---> 88f4bc825930
Step 2/18 : RUN apt-get update &&     apt-get install -y python3 python3-pip wget unzip file &&     rm -rf /var/lib/apt/lists/*
 ---> Using cache
 ---> ced5dcc0779e
Step 3/18 : WORKDIR /opt
 ---> Using cache
 ---> 241fadea2d06
Step 4/18 : RUN wget https://github.com/NationalSecurityAgency/ghidra/releases/download/Ghidra_12.0.3_build/ghidra_12.0.3_PUBLIC_20260210.zip -O ghidra.zip &&     unzip ghidra.zip &&     rm ghidra.zip
 ---> Running in 3df1eb4ff425
[91m--2026-04-16 09:03:10--  https://github.com/NationalSecurityAgency/ghidra/releases/download/Ghidra_12.0.3_build/ghidra_12.0.3_PUBLIC_20260210.zip
[0m[91mResolving github.com (github.com)... [0m[91m20.205.243.166
Connecting to github.com (github.com)|20.205.243.166|:443... [0m[91mconnected.
[0m[91mHTTP request sent, awaiting response... [0m[91mNo data received.
Retrying.

[0m[91m--2026-04-16 09:03:17--  (try: 2)  https://github.com/NationalSecurityAgency/ghidra/releases/download/Ghidra_12.0.3_build/ghidra_12.0.3_PUBLIC_20260210.zip
Connecting to github.com (github.com)|20.205.243.166|:443... [0m[91mfailed: Connection timed out.
Resolving github.com (github.com)... [0m[91m20.205.243.166
Connecting to github.com (github.com)|20.205.243.166|:443... [0m[91mfailed: Connection timed out.
Retrying.

[0m[91m--2026-04-16 09:07:47--  (try: 3)  https://github.com/NationalSecurityAgency/ghidra/releases/download/Ghidra_12.0.3_build/ghidra_12.0.3_PUBLIC_20260210.zip
Connecting to github.com (github.com)|20.205.243.166|:443... [0m[91mfailed: Connection timed out.
Retrying.

[0m[91m--2026-04-16 09:10:03--  (try: 4)  https://github.com/NationalSecurityAgency/ghidra/releases/download/Ghidra_12.0.3_build/ghidra_12.0.3_PUBLIC_20260210.zip
Connecting to github.com (github.com)|20.205.243.166|:443... [0m[91mconnected.
[0m[91mHTTP request sent, awaiting response... [0m[91m302 Found
Location: https://release-assets.githubusercontent.com/github-production-release-asset/173228436/59a5c556-35d7-47a1-8860-548e118fa4dc?sp=r&sv=2018-11-09&sr=b&spr=https&se=2026-04-16T10%3A00%3A17Z&rscd=attachment%3B+filename%3Dghidra_12.0.3_PUBLIC_20260210.zip&rsct=application%2Foctet-stream&skoid=96c2d410-5711-43a1-aedd-ab1947aa7ab0&sktid=398a6654-997b-47e9-b12b-9515b896b4de&skt=2026-04-16T09%3A00%3A04Z&ske=2026-04-16T10%3A00%3A17Z&sks=b&skv=2018-11-09&sig=XtJDxBk2ig2b2gms%2By6XxvdiVsx51OXw49ItFGBX8DA%3D&jwt=eyJ0eXAiOiJKV1QiLCJhbGciOiJIUzI1NiJ9.eyJpc3MiOiJnaXRodWIuY29tIiwiYXVkIjoicmVsZWFzZS1hc3NldHMuZ2l0aHVidXNlcmNvbnRlbnQuY29tIiwia2V5Ijoia2V5MSIsImV4cCI6MTc3NjMzNDIwNCwibmJmIjoxNzc2MzMwNjA0LCJwYXRoIjoicmVsZWFzZWFzc2V0cHJvZHVjdGlvbi5ibG9iLmNvcmUud2luZG93cy5uZXQifQ.iOMCcOabA2zI-jyKs1R2wyEUWxoN57SjQh0XYM9Gi2E&response-content-disposition=attachment%3B%20filename%3Dghidra_12.0.3_PUBLIC_20260210.zip&response-content-type=application%2Foctet-stream [following]
--2026-04-16 09:10:04--  https://release-assets.githubusercontent.com/github-production-release-asset/173228436/59a5c556-35d7-47a1-8860-548e118fa4dc?sp=r&sv=2018-11-09&sr=b&spr=https&se=2026-04-16T10%3A00%3A17Z&rscd=attachment%3B+filename%3Dghidra_12.0.3_PUBLIC_20260210.zip&rsct=application%2Foctet-stream&skoid=96c2d410-5711-43a1-aedd-ab1947aa7ab0&sktid=398a6654-997b-47e9-b12b-9515b896b4de&skt=2026-04-16T09%3A00%3A04Z&ske=2026-04-16T10%3A00%3A17Z&sks=b&skv=2018-11-09&sig=XtJDxBk2ig2b2gms%2By6XxvdiVsx51OXw49ItFGBX8DA%3D&jwt=eyJ0eXAiOiJKV1QiLCJhbGciOiJIUzI1NiJ9.eyJpc3MiOiJnaXRodWIuY29tIiwiYXVkIjoicmVsZWFzZS1hc3NldHMuZ2l0aHVidXNlcmNvbnRlbnQuY29tIiwia2V5Ijoia2V5MSIsImV4cCI6MTc3NjMzNDIwNCwibmJmIjoxNzc2MzMwNjA0LCJwYXRoIjoicmVsZWFzZWFzc2V0cHJvZHVjdGlvbi5ibG9iLmNvcmUud2luZG93cy5uZXQifQ.iOMCcOabA2zI-jyKs1R2wyEUWxoN57SjQh0XYM9Gi2E&response-content-disposition=attachment%3B%20filename%3Dghidra_12.0.3_PUBLIC_20260210.zip&response-content-type=application%2Foctet-stream
Resolving release-assets.githubusercontent.com (release-assets.githubusercontent.com)... [0m[91m185.199.109.133, 185.199.110.133, 185.199.111.133, ...
Connecting to release-assets.githubusercontent.com (release-assets.githubusercontent.com)|185.199.109.133|:443... [0m[91mconnected.
[0m[91mHTTP request sent, awaiting response... [0m[91m200 OK
[0m[91mLength: 509902451 (486M) [application/octet-stream]
[0m[91mSaving to: ‘ghidra.zip’
[0m[91m
     0K .......... ......[0m[91m.... .......... ..[0m[91m........ ........[0m[91m..  0%  359K 23m6s
    50K .......... ....[0m[91m...... ..........[0m[91m .......... ......[0m[91m....  0%  601K 18m27s
   100K .......... ..[0m[91m........ ........[0m[91m.. .......... ....[0m[91m......  0% 1.04M 14m53s
   150K ..........[0m[91m .......... ......[0m[91m.... .......... .[0m[91m.........  0%  245K 19m38s
   200K .......... .......... .......... .......... ..........  0%  381M 15m42s
   250K .......... .......... .[0m[91m......... .......[0m[91m... ..........  0%  596M 13m5s
   300K .......... .......... .......... .....[0m[91m..... ..........  0% 21.8M 11m16s
   350K .[0m[91m......... .......[0m[91m... .......... ...[0m[91m....... .........[0m[91m.  0%  386K 12m33s
   400K .......... .....[0m[91m..... .......... .[0m[91m......... .......[0m[91m...  0% 1.75M 11m40s
   450K .......... ...[0m[91m....... .........[0m[91m. .......... .....[0m[91m.....  0% 1.84M 10m56s
   500K .......... .[0m[91m......... .......[0m[91m... .......... ...[0m[91m.......  0% 1.09M 10m37s
   550K .........[0m[91m. .......... .....[0m[91m..... .......... .[0m[91m.........  0% 1.80M 10m7s
   600K .......[0m[91m... .......... ...[0m[91m....... .........[0m[91m. ..........  0% 1.84M 9m40s
   650K .....[0m[91m..... .......... .[0m[91m......... .......[0m[91m... ..........  0% 1.84M 9m17s
   700K ...[0m[91m....... .........[0m[91m. .......... .....[0m[91m..... ..........  0% 1.04M 9m11s
   750K .[0m[91m......... .......[0m[91m... .......... ...[0m[91m....... .........[0m[91m.  0% 1.48M 8m57s
   800K .......... .....[0m[91m..... .......... .[0m[91m......... .......[0m[91m...  0% 1.87M 8m41s
   850K .......... ...[0m[91m....... .........[0m[91m. .......... .....[0m[91m.....  0% 1.16M 8m35s
   900K .......... .[0m[91m......... .......[0m[91m... .......... ...[0m[91m.......  0% 1.94M 8m21s
   950K .........[0m[91m. .......... .....[0m[91m..... .......... .[0m[91m.........  0% 1.96M 8m9s
  1000K .......[0m[91m... .......... ...[0m[91m....... .........[0m[91m. ..........  0%  310K 9m2s
  1050K .......... .......... .......... .......... ..........  0%  325M 8m37s
  1100K .......... .......... .......... .....[0m[91m..... ..........  0%  663M 8m15s
  1150K .......... .......... .......... .......... ..........  0%  492M 7m54s
  1200K .......... .......... .......... .......... .......[0m[91m...  0% 4.08M 7m40s
  1250K .......... ...[0m[91m....... .........[0m[91m. .......... .....[0m[91m.....  0% 1.12M 7m39s
  1300K .......... .[0m[91m......... .......[0m[91m... .......... ...[0m[91m.......  0% 1.71M 7m32s
  1350K .........[0m[91m. .......... .....[0m[91m..... .......... .[0m[91m.........  0%  900K 7m36s
  1400K .......[0m[91m... .......... ...[0m[91m....... .........[0m[91m. ..........  0% 1.12M 7m35s
  1450K .....[0m[91m..... .......... .[0m[91m......... .......[0m[91m... ..........  0% 1.27M 7m32s
  1500K ...[0m[91m....... .........[0m[91m. .......... .....[0m[91m..... ..........  0% 1.13M 7m32s
  1550K .[0m[91m......... .......[0m[91m... .......... ...[0m[91m....... .........[0m[91m.  0% 1017K 7m33s
  1600K .......... .....[0m[91m..... .......... .[0m[91m......... .......[0m[91m...  0% 1.04M 7m33s
  1650K .......... ...[0m[91m....... .........[0m[91m. .......... .....[0m[91m.....  0% 1.32M 7m31s
  1700K .......... .[0m[91m......... .......[0m[91m... .......... ...[0m[91m.......  0% 1.41M 7m27s
  1750K .........[0m[91m. .......... .....[0m[91m..... .......... .[0m[91m.........  0% 1.01M 7m28s
  1800K .......[0m[91m... .......... ...[0m[91m....... .........[0m[91m. ..........  0% 1.48M 7m25s
  1850K .....[0m[91m..... .......... .[0m[91m......... .......[0m[91m... ..........  0% 1.26M 7m23s
  1900K ...[0m[91m....... .........[0m[91m. .......... .....[0m[91m..... ..........  0% 1.11M 7m23s
  1950K .[0m[91m......... .......[0m[91m... .......... ...[0m[91m....... .........[0m[91m.  0%  267K 7m58s
  2000K .......... .....[0m[91m..... .......... .......... .......[0m[91m...  0% 24.7M 7m47s
  2050K .......... ...[0m[91m....... .........[0m[91m. .......... ..........  0%  841K 7m50s
  2100K .......... .[0m[91m......... .......... .......... ...[0m[91m.......  0%  378M 7m39s
  2150K .......... .......... .....[0m[91m..... .......... .[0m[91m.........  0%  481M 7m29s
  2200K .......[0m[91m... .......... ...[0m[91m....... .........[0m[91m. ..........  0% 1.55M 7m26s
  2250K .....[0m[91m..... .......... .[0m[91m......... .......[0m[91m... ..........  0%  777K 7m30s
  2300K ...[0m[91m....... .........[0m[91m. .......... .....[0m[91m..... ..........  0% 1.05M 7m30s
  2350K .[0m[91m......... .......[0m[91m... .......... ...[0m[91m....... .........[0m[91m.  0%  652K 7m36s
  2400K .......... .....[0m[91m..... .......... .[0m[91m......... .......[0m[91m...  0%  992K 7m37s
  2450K .......... ...[0m[91m....... .........[0m[91m. .......... ..........  0%  274K 8m4s
  2500K .......... .[0m[91m......... .......... .......... ..........  0% 2.45M 7m58s
  2550K .......... .......... .......... .......... ..........  0%  562M 7m49s
  2600K .......... .......... ...[0m[91m....... .........[0m[91m. ..........  0% 1.29M 7m47s
  2650K .....[0m[91m..... .......... .[0m[91m......... .......[0m[91m... ..........  0%  726K 7m51s
  2700K ...[0m[91m....... .........[0m[91m. .......... .....[0m[91m..... ..........  0%  592K 7m58s
  2750K .[0m[91m......... .......[0m[91m... .......... ...[0m[91m....... .........[0m[91m.  0%  538K 8m6s
  2800K .......... .....[0m[91m..... .......... .......... ..........  0%  310K 8m25s
  2850K .......... .......... .......... .......... .....[0m[91m.....  0%  523M 8m16s
  2900K .......... .[0m[91m......... .......[0m[91m... .......... ...[0m[91m.......  0%  228K 8m45s
  2950K .......... .......... .......... .......... ..........  0%  335M 8m36s
  3000K .......[0m[91m... .......... ...[0m[91m....... .........[0m[91m. ..........  0%  476K 8m45s
  3050K .....[0m[91m..... .......... .[0m[91m......... .......[0m[91m... ..........  0%  367K 8m58s
  3100K ...[0m[91m....... .........[0m[91m. .......... .....[0m[91m..... ..........  0%  340K 9m12s
  3150K .[0m[91m......... .......[0m[91m... .......... ...[0m[91m....... .........[0m[91m.  0%  312K 9m28s
  3200K .......... .....[0m[91m..... .......... .[0m[91m......... .......[0m[91m...  0%  389K 9m39s
  3250K .......... ...[0m[91m....... .........[0m[91m. .......... .....[0m[91m.....  0%  354K 9m52s
  3300K .......... .[0m[91m......... .......[0m[91m... .......... ...[0m[91m.......  0%  408K 10m1s
  3350K .........[0m[91m. .......... .....[0m[91m..... .......... .[0m[91m.........  0%  199K 10m28s
  3400K .......[0m[91m... .......... ...[0m[91m....... .........[0m[91m. ..........  0%  493K 10m34s
  3450K .....[0m[91m..... .......... .[0m[91m......... .......[0m[91m... ..........  0%  436K 10m41s
  3500K ...[0m[91m....... .........[0m[91m. .......... .....[0m[91m..... ..........  0%  294K 10m55s
  3550K .[0m[91m......... .......[0m[91m... .......... ...[0m[91m....... .........[0m[91m.  0%  227K 11m17s
  3600K .......... .....[0m[91m..... .......... .[0m[91m......... .......[0m[91m...  0%  340K 11m27s
  3650K .......... ...[0m[91m....... .........[0m[91m. .......... .....[0m[91m.....  0%  319K 11m39s
  3700K .......... .[0m[91m......... .......[0m[91m... .......... ...[0m[91m.......  0%  323K 11m50s
  3750K .........[0m[91m. .......... .....[0m[91m..... .......... .[0m[91m.........  0%  354K 11m59s
  3800K .......[0m[91m... .......... ...[0m[91m....... .........[0m[91m. ..........  0%  362K 12m7s
  3850K .....[0m[91m..... .......... .[0m[91m......... .......[0m[91m... ..........  0%  307K 12m18s
  3900K ...[0m[91m....... .........[0m[91m. .......... .....[0m[91m..... ..........  0%  376K 12m25s
  3950K .[0m[91m......... .......[0m[91m... .......... ...[0m[91m....... .........[0m[91m.  0%  257K 12m40s
  4000K .......... .....[0m[91m..... .......... .[0m[91m......... .......[0m[91m...  0%  399K 12m46s
  4050K .......... ...[0m[91m....... .........[0m[91m. .......... .....[0m[91m.....  0%  367K 12m53s
  4100K .......... .[0m[91m......... .......[0m[91m... .......... ...[0m[91m.......  0%  392K 12m59s
  4150K .........[0m[91m. .......... .....[0m[91m..... .......... .[0m[91m.........  0%  412K 13m4s
  4200K .......[0m[91m... .......... ...[0m[91m....... .........[0m[91m. ..........  0%  352K 13m11s
  4250K .....[0m[91m..... .......... .[0m[91m......... .......[0m[91m... ..........  0%  406K 13m16s
  4300K ...[0m[91m....... .........[0m[91m. .......... .....[0m[91m..... ..........  0%  432K 13m19s
  4350K .[0m[91m......... .......[0m[91m... .......... ...[0m[91m....... .........[0m[91m.  0%  330K 13m27s
  4400K .......... .....[0m[91m..... .......... .[0m[91m......... .......[0m[91m...  0%  425K 13m31s
  4450K .......... ...[0m[91m....... .......... .......... ..........  0%  316K 13m39s
  4500K .......... .[0m[91m......... .......[0m[91m... .......... ...[0m[91m.......  0%  358K 13m45s
  4550K .........[0m[91m. .......... .....[0m[91m..... .......... .[0m[91m.........  0%  350K 13m52s
  4600K .......[0m[91m... .......... ...[0m[91m....... .........[0m[91m. ..........  0%  309K 14m0s
  4650K .....[0m[91m..... .......... .[0m[91m......... .......[0m[91m... ..........  0%  348K 14m6s
  4700K ...[0m[91m....... .........[0m[91m. .......... .....[0m[91m..... ..........  0%  367K 14m11s
  4750K .[0m[91m......... .......[0m[91m... .......... ...[0m[91m....... .........[0m[91m.  0%  298K 14m19s
  4800K .......... .....[0m[91m..... .......... .......... ..........  0%  266K 14m30s
  4850K .......... .......... .........[0m[91m. .......... .....[0m[91m.....  0%  445K 14m32s
  4900K .......... .[0m[91m......... .......[0m[91m... .......... ...[0m[91m.......  0%  288K 14m40s
  4950K .........[0m[91m. .......... .....[0m[91m..... .......... .[0m[91m.........  1%  312K 14m47s
  5000K .......[0m[91m... .......... ...[0m[91m....... .........[0m[91m. ..........  1%  162K 15m8s
  5050K .......... .......... .[0m[91m......... .......[0m[91m... ..........  1%  452K 15m10s
  5100K ...[0m[91m....... .........[0m[91m. .......... .....[0m[91m..... ..........  1%  222K 15m23s
  5150K .[0m[91m......... .......... .......... ...[0m[91m....... .........[0m[91m.  1%  160K 15m43s
  5200K .......... .....[0m[91m..... .......... .[0m[91m......... .......[0m[91m...  1%  191K 15m59s
  5250K .......... ...[0m[91m....... .........[0m[91m. .......... .....[0m[91m.....  1%  188K 16m15s
  5300K .......... .[0m[91m......... .......[0m[91m... .......... ...[0m[91m.......  1%  203K 16m28s
  5350K .........[0m[91m. .......... .....[0m[91m..... .......... .[0m[91m.........  1%  217K 16m40s
  5400K .......[0m[91m... .......... ...[0m[91m....... .........[0m[91m. ..........  1%  222K 16m51s
  5450K .....[0m[91m..... .......... .[0m[91m......... .......[0m[91m... ..........  1%  236K 17m1s
  5500K ...[0m[91m....... .........[0m[91m. .......... .....[0m[91m..... ..........  1%  249K 17m9s
  5550K .[0m[91m......... .......[0m[91m... .......... ...[0m[91m....... .........[0m[91m.  1%  182K 17m24s
  5600K .......... .....[0m[91m..... .......... .[0m[91m......... .......[0m[91m...  1%  283K 17m30s
  5650K .......... ...[0m[91m....... .........[0m[91m. .......... .....[0m[91m.....  1%  271K 17m37s
  5700K .......... .[0m[91m......... .......[0m[91m... .......... ...[0m[91m.......  1%  311K 17m41s
  5750K .........[0m[91m. .......... .....[0m[91m..... .......... .[0m[91m.........  1%  272K 17m47s
  5800K .......[0m[91m... .......... ...[0m[91m....... .........[0m[91m. ..........  1%  324K 17m51s
  5850K .....[0m[91m..... .......... .[0m[91m......... .......[0m[91m... ..........  1%  293K 17m56s
  5900K ...[0m[91m....... .........[0m[91m. .......... .....[0m[91m..... ..........  1%  347K 17m59s
  5950K .[0m[91m......... .......[0m[91m... .......... ...[0m[91m....... ..........  1%  179K 18m13s
  6000K .......... .....[0m[91m..... .......... .[0m[91m......... .......[0m[91m...  1%  322K 18m16s
  6050K .......... ...[0m[91m....... .........[0m[91m. .......... .....[0m[91m.....  1%  251K 18m23s
  6100K .......... .[0m[91m......... .......[0m[91m... .......... ...[0m[91m.......  1%  291K 18m28s
  6150K .........[0m[91m. .......... .....[0m[91m..... .......... .[0m[91m.........  1%  292K 18m32s
  6200K .......[0m[91m... .......... ...[0m[91m....... .........[0m[91m. ..........  1%  315K 18m36s
  6250K .....[0m[91m..... .......... .[0m[91m......... .......[0m[91m... ..........  1%  309K 18m40s
  6300K ...[0m[91m....... .........[0m[91m. .......... .....[0m[91m..... ..........  1%  308K 18m43s
  6350K .[0m[91m......... .......[0m[91m... .......... ...[0m[91m....... .........[0m[91m.  1%  133K 19m3s
  6400K .......... .....[0m[91m..... .......... .[0m[91m......... .......[0m[91m...  1%  611K 19m0s
  6450K .......... ...[0m[91m....... .........[0m[91m. .......... .....[0m[91m.....  1%  255K 19m6s
  6500K .......... .[0m[91m......... .......[0m[91m... .......... ...[0m[91m.......  1%  256K 19m12s
  6550K .........[0m[91m. .......... .......... .......... .[0m[91m.........  1%  292K 19m16s
  6600K .......[0m[91m... .......... ...[0m[91m....... .........[0m[91m. ..........  1%  191K 19m27s
  6650K .....[0m[91m..... .......... .[0m[91m......... .......[0m[91m... ..........  1%  226K 19m34s
  6700K ...[0m[91m....... .........[0m[91m. .......... .....[0m[91m..... ..........  1%  248K 19m40s
  6750K .[0m[91m......... .......[0m[91m... .......... ...[0m[91m....... .........[0m[91m.  1%  177K 19m51s
  6800K .......... .....[0m[91m..... .......... .[0m[91m......... .......[0m[91m...  1%  255K 19m57s
  6850K .......... ...[0m[91m....... .........[0m[91m. .......... .....[0m[91m.....  1%  240K 20m3s
  6900K .......... .[0m[91m......... .......[0m[91m... .......... ...[0m[91m.......  1%  277K 20m7s
  6950K .........[0m[91m. .......... .....[0m[91m..... .......... .[0m[91m.........  1%  191K 20m16s
  7000K .......... .......... ...[0m[91m....... .........[0m[91m. ..........  1%  322K 20m18s
  7050K .....[0m[91m..... .......... .[0m[91m......... .......[0m[91m... ..........  1%  212K 20m26s
  7100K ...[0m[91m....... .........[0m[91m. .......... .....[0m[91m..... ..........  1%  232K 20m32s
  7150K .[0m[91m......... .......[0m[91m... .......... ...[0m[91m....... .........[0m[91m.  1%  196K 20m41s
  7200K .......... .....[0m[91m..... .......... .[0m[91m......... .......[0m[91m...  1%  248K 20m46s
  7250K .......... ...[0m[91m....... .........[0m[91m. .......... .....[0m[91m.....  1%  267K 20m49s
  7300K .......... .[0m[91m......... .......[0m[91m... .......... ...[0m[91m.......  1%  297K 20m52s
  7350K .........[0m[91m. .......... .....[0m[91m..... .......... ..........  1%  218K 20m59s
  7400K .......[0m[91m... .......... ...[0m[91m....... .........[0m[91m. ..........  1%  233K 21m4s
  7450K .....[0m[91m..... .......... .[0m[91m......... .......[0m[91m... ..........  1%  216K 21m11s
  7500K ...[0m[91m....... .........[0m[91m. .......... .....[0m[91m..... ..........  1%  244K 21m16s
  7550K .[0m[91m......... .......[0m[91m... .......... ...[0m[91m....... .........[0m[91m.  1%  194K 21m24s
  7600K .......... .....[0m[91m..... .......... .[0m[91m......... .......[0m[91m...  1%  249K 21m28s
  7650K .......... ...[0m[91m....... .........[0m[91m. .......... .....[0m[91m.....  1%  264K 21m32s
  7700K .......... .[0m[91m......... .......[0m[91m... .......... ...[0m[91m.......  1%  302K 21m34s
  7750K .........[0m[91m. .......... .....[0m[91m..... .......... .[0m[91m.........  1%  261K 21m37s
  7800K .......[0m[91m... .......... ...[0m[91m....... .........[0m[91m. ..........  1%  293K 21m40s
  7850K .....[0m[91m..... .......... .[0m[91m......... .......[0m[91m... ..........  1%  282K 21m42s
  7900K ...[0m[91m....... .........[0m[91m. .......... .....[0m[91m..... ..........  1%  272K 21m45s
  7950K .[0m[91m......... .......[0m[91m... .......... ...[0m[91m....... .........[0m[91m.  1%  226K 21m50s
  8000K .......... .....[0m[91m..... .......... .[0m[91m......... .......[0m[91m...  1%  326K 21m51s
  8050K .......... ...[0m[91m....... .........[0m[91m. .......... .....[0m[91m.....  1%  337K 21m52s
  8100K .......... .[0m[91m......... .......[0m[91m... .......... ...[0m[91m.......  1%  287K 21m54s
  8150K .........[0m[91m. .......... .....[0m[91m..... .......... .[0m[91m.........  1%  360K 21m55s
  8200K .......[0m[91m... .......... ...[0m[91m....... .........[0m[91m. ..........  1%  179K 22m3s
  8250K .......... .......... .......... .......[0m[91m... ..........  1% 1.77M 21m57s
  8300K ...[0m[91m....... .........[0m[91m. .......... .....[0m[91m..... ..........  1%[0m[91m  250K 22m0s
  8350K .[0m[91m......... .......[0m[91m... .......... ...[0m[91m....... .........[0m[91m.  1%  208K 22m6s
  8400K ...[0m[91m....... ..[0m[91m...[0m[91m..... .......... .[0m[91m......... .......[0m[91m...  1%  257K 22m10s
  8450K .......... ...[0m[91m....... .........[0m[91m. .......... .....[0m[91m.....  1%  330K 22m10s
  8500K .......... .[0m[91m......... .......[0m[91m... .......... ..........  1%  211K 22m16s
  8550K .......... .......... .....[0m[91m..... .......... .[0m[91m.........  1%  427K 22m15s
  8600K .......[0m[91m... .......... ...[0m[91m....... .........[0m[91m. ..........  1%  228K 22m19s
  8650K .....[0m[91m..... .......... .[0m[91m......... .......[0m[91m... ..........  1%  245K 22m23s
  8700K ...[0m[91m....... .........[0m[91m. .......... .....[0m[91m..... ..........  1%  195K 22m30s
  8750K .[0m[91m......... .......[0m[91m... .......... ...[0m[91m....... .........[0m[91m.  1%  139K 22m42s
  8800K .......... .....[0m[91m..... .......... .[0m[91m......... .......[0m[91m...  1%  205K 22m47s
  8850K ..[0m[91m........ ...[0m[91m....... .........[0m[91m. .......... .....[0m[91m.....  1%  209K 22m53s
  8900K .......... .[0m[91m......... .......[0m[91m... .......... ...[0m[91m.......  1%  194K 22m59s
  8950K .........[0m[91m. .......... .....[0m[91m..... .......... .[0m[91m.........  1%  253K 23m2s
  9000K .......[0m[91m... .......... ...[0m[91m....... .........[0m[91m. ..........  1%  235K 23m6s
  9050K .....[0m[91m..... .......... .[0m[91m......... .......[0m[91m... ..........  1%  242K 23m9s
  9100K ...[0m[91m....... .........[0m[91m. .......... .....[0m[91m..... ..........  1%  271K 23m11s
  9150K .[0m[91m......... .......[0m[91m... .......... ...[0m[91m....... .........[0m[91m.  1%  205K 23m16s
  9200K .......... .....[0m[91m..... .......... .[0m[91m......... .......[0m[91m...  1%  269K 23m19s
  9250K .......... ...[0m[91m....... .........[0m[91m. .......... .....[0m[91m.....  1%  304K 23m20s
  9300K .......... .[0m[91m......... .......[0m[91m... .......... ...[0m[91m.......  1%  293K 23m21s
  9350K .........[0m[91m. .......... .....[0m[91m..... .......... .[0m[91m.........  1%  335K 23m21s
  9400K .......[0m[91m... .......... ...[0m[91m....... .........[0m[91m. ..........  1%  290K 23m22s
  9450K .....[0m[91m..... .......... .[0m[91m......... .......[0m[91m... ..........  1%  358K 23m22s
  9500K ...[0m[91m....... .........[0m[91m. .......... .....[0m[91m..... ..........  1%  355K 23m22s
  9550K .[0m[91m......... .......[0m[91m... .......... ...[0m[91m....... .........[0m[91m.  1%  246K 23m25s
  9600K .......... .....[0m[91m..... .......... .[0m[91m......... .......[0m[91m...  1%  371K 23m24s
  9650K .......... ...[0m[91m....... .........[0m[91m. .......... .....[0m[91m.....  1%  378K 23m23s
  9700K .......... .[0m[91m......... .......[0m[91m... .......... ...[0m[91m.......  1%  347K 23m23s
  9750K .........[0m[91m. .......... .....[0m[91m..... .......... .[0m[91m.........  1%  384K 23m22s
  9800K .......[0m[91m... .......... ...[0m[91m....... .........[0m[91m. ..........  1%  380K 23m22s
  9850K .....[0m[91m..... .......... .[0m[91m......... .......[0m[91m... ..........  1%  413K 23m20s
  9900K ...[0m[91m....... .........[0m[91m. .......... .....[0m[91m..... ..........  1%  413K 23m19s
  9950K .[0m[91m......... .......[0m[91m... .......... ...[0m[91m....... .........[0m[91m.  2%  290K 23m20s
 10000K .......... .....[0m[91m..... .......... .[0m[91m......... ..........  2%  241K 23m23s
 10050K .......... ...[0m[91m....... .........[0m[91m. .......... .....[0m[91m.....  2%  839K 23m19s
 10100K .......... .[0m[91m......... .......[0m[91m... .......... ...[0m[91m.......  2%  285K 23m21s
 10150K .........[0m[91m. .......... .....[0m[91m..... .......... .[0m[91m.........  2%  177K 23m27s
 10200K .......... .......... .......... .........[0m[91m. ..........  2%  988K 23m22s
 10250K .....[0m[91m..... .......... .[0m[91m......... .......[0m[91m... ..........  2%  178K 23m29s
 10300K ...[0m[91m....... .........[0m[91m. .......... .....[0m[91m..... ..........  2%  170K 23m36s
 10350K .[0m[91m......... .......[0m[91m... .......... ...[0m[91m....... .........[0m[91m.  2%  149K 23m44s
 10400K .......... .....[0m[91m..... .......... .[0m[91m......... .......[0m[91m...  2%  196K 23m49s
 10450K .......... ...[0m[91m....... .........[0m[91m. .......... .....[0m[91m.....  2%  219K 23m53s
 10500K .......... .[0m[91m......... .......[0m[91m... .......... ...[0m[91m.......  2%  219K 23m57s
 10550K .........[0m[91m. .......... .....[0m[91m..... .......... .[0m[91m.........  2%  224K 24m0s
 10600K .......[0m[91m... .......... ...[0m[91m....... .........[0m[91m. ..........  2%  247K 24m2s
 10650K .....[0m[91m..... .......... .......... .......[0m[91m... ..........  2%  249K 24m5s
 10700K ...[0m[91m....... .........[0m[91m. .......... .....[0m[91m..... ..........  2%  183K 24m10s
 10750K .[0m[91m......... .......[0m[91m... .......... ...[0m[91m....... .........[0m[91m.  2%  168K 24m17s
 10800K .......... .....[0m[91m..... .......... .[0m[91m......... .......[0m[91m...  2%  140K 24m26s
 10850K .......... .......... .........[0m[91m. .......... .....[0m[91m.....  2%  273K 24m27s
 10900K .......... .[0m[91m......... .......[0m[91m... .......... ...[0m[91m.......  2%  179K 24m33s
 10950K .........[0m[91m. .......... .....[0m[91m..... .......... .[0m[91m.........  2%  181K 24m38s
 11000K .......[0m[91m... .......... ...[0m[91m....... .........[0m[91m. ..........  2%  189K 24m43s
 11050K .....[0m[91m..... .......... .[0m[91m......... .......[0m[91m... ..........  2%  199K 24m47s
 11100K ...[0m[91m....... .........[0m[91m. .......... .....[0m[91m..... ..........  2%  221K 24m50s
 11150K .[0m[91m......... .......[0m[91m... .......... ...[0m[91m....... .........[0m[91m.  2%  168K 24m56s
 11200K .......... .....[0m[91m..... .......... .[0m[91m......... .......[0m[91m...  2%  224K 24m59s
 11250K .......... ...[0m[91m....... .........[0m[91m. .......... .....[0m[91m.....  2%  283K 25m0s
 11300K .......... .[0m[91m......... .......[0m[91m... .......... ...[0m[91m.......  2%  254K 25m2s
 11350K .........[0m[91m. .......... .....[0m[91m..... .......... .[0m[91m.........  2%  270K 25m3s
 11400K .......[0m[91m... .......... ...[0m[91m....... .........[0m[91m. ..........  2%  297K 25m3s
 11450K .....[0m[91m..... .......... .[0m[91m......... .......[0m[91m... ..........  2%  300K 25m4s
 11500K ...[0m[91m....... .........[0m[91m. .......... .....[0m[91m..... ..........  2%  290K 25m4s
 11550K .[0m[91m......... .......[0m[91m... .......... ...[0m[91m....... .........[0m[91m.  2%  234K 25m6s
 11600K .......... .....[0m[91m..... .......... .[0m[91m......... .......[0m[91m...  2%  333K 25m6s
 11650K .......... ...[0m[91m....... .........[0m[91m. .......... .....[0m[91m.....  2%  323K 25m6s
 11700K .......... .[0m[91m......... .......[0m[91m... .......... ...[0m[91m.......  2%  324K 25m6s
 11750K .........[0m[91m. .......... .....[0m[91m..... .......... .[0m[91m.........  2%  361K 25m5s
 11800K .......[0m[91m... .......... ...[0m[91m....... .........[0m[91m. ..........  2%  358K 25m4s
 11850K .....[0m[91m..... .......... .[0m[91m......... .......[0m[91m... ..........  2%  334K 25m4s
 11900K ...[0m[91m....... .........[0m[91m. .......... .....[0m[91m..... ..........  2%  376K 25m3s
 11950K .[0m[91m......... .......[0m[91m... .......... ...[0m[91m....... .........[0m[91m.  2%  301K 25m3s
 12000K .......... .....[0m[91m..... .......... .[0m[91m......... .......[0m[91m...  2%  357K 25m2s
 12050K .......... ...[0m[91m....... .........[0m[91m. .......... .....[0m[91m.....  2%  402K 25m1s
 12100K .......... .[0m[91m......... .......[0m[91m... .......... ...[0m[91m.......  2%  408K 25m0s
 12150K .........[0m[91m. .......... .....[0m[91m..... .......... .[0m[91m.........  2%  405K 24m58s
 12200K .......[0m[91m... .......... ...[0m[91m....... .........[0m[91m. ..........  2%  423K 24m57s
 12250K .....[0m[91m..... .......... .[0m[91m......... .......[0m[91m... ..........  2%  430K 24m55s
 12300K ...[0m[91m....... .........[0m[91m. .......... .....[0m[91m..... ..........  2%  203K 24m58s
 12350K .......... .......... .......... .......... .........[0m[91m.  2%  982K 24m54s
 12400K .......... .....[0m[91m..... .......... .[0m[91m......... .......[0m[91m...  2%  294K 24m55s
 12450K .......... ...[0m[91m....... .........[0m[91m. .......... .....[0m[91m.....  2%  333K 24m54s
 12500K .......... .[0m[91m......... .......[0m[91m... .......... ...[0m[91m.......  2%  346K 24m54s
 12550K .....[0m[91m....[0m[91m. .......... .....[0m[91m..... .......... .[0m[91m.........  2%  367K 24m53s
 12600K .......[0m[91m... .......... ...[0m[91m....... .........[0m[91m. ..........  2%  379K 24m52s
 12650K .....[0m[91m..... .......... .[0m[91m......... .......[0m[91m... ..........  2%  367K 24m51s
 12700K ...[0m[91m....... .........[0m[91m. .......... .....[0m[91m..... ..........  2%  414K 24m50s
 12750K .[0m[91m......... .......[0m[91m... .......... ...[0m[91m....... .........[0m[91m.  2%  289K 24m50s
 12800K .......... .....[0m[91m..... .......... .[0m[91m......... .......[0m[91m...  2%  413K 24m49s
 12850K .......... ...[0m[91m....... .........[0m[91m. .......... .....[0m[91m.....  2%  433K 24m47s
 12900K .......... .[0m[91m......... .......... .......... ..........  2%  321K 24m47s
 12950K .........[0m[91m. .......... .....[0m[91m..... .......... .[0m[91m.........  2%  403K 24m46s
 13000K .......[0m[91m... .......... ...[0m[91m....... .........[0m[91m. ..........  2%  290K 24m47s
 13050K .....[0m[91m..... .......... .[0m[91m......... .......[0m[91m... ..........  2%  305K 24m47s
 13100K ..[0m[91m.[0m[91m....... .........[0m[91m. .......... .....[0m[91m..... ..........  2%  329K 24m47s
 13150K .[0m[91m......... .......[0m[91m... .......... ...[0m[91m....... .........[0m[91m.  2%  243K 24m48s
 13200K .......... .....[0m[91m..... .......... .[0m[91m......... .......[0m[91m...  2%  175K 24m53s
 13250K .......... .......... .......... .......... .....[0m[91m.....  2%  498K 24m51s
 13300K .......... .......... .......[0m[91m... .......... ...[0m[91m.......  2%  372K 24m50s
 13350K .........[0m[91m. .......... .....[0m[91m..... .......... .[0m[91m.........  2%  246K 24m52s
 13400K .......[0m[91m... .......... ...[0m[91m....... .........[0m[91m. ..........  2%  281K 24m53s
 13450K .....[0m[91m..... .......... .[0m[91m......... .......[0m[91m... ..........  2%  260K 24m54s
 13500K ...[0m[91m....... .........[0m[91m. .......... .....[0m[91m..... ..........  2%  264K 24m55s
 13550K .[0m[91m......... .......[0m[91m... .......... ...[0m[91m....... .........[0m[91m.  2%  215K 24m58s
 13600K .......... .....[0m[91m..... .......... .[0m[91m......... .......[0m[91m...  2%  308K 24m58s
 13650K .......... ...[0m[91m....... .........[0m[91m. .......... .....[0m[91m.....  2%  190K 25m1s
 13700K .......... .......... .......[0m[91m... .......... ...[0m[91m.......  2%  304K 25m2s
 13750K .........[0m[91m. .......... .....[0m[91m..... .......... .[0m[91m.........  2%  229K 25m4s
 13800K .......[0m[91m... .......... ...[0m[91m....... .........[0m[91m. ..........  2%  142K 25m10s
 13850K .......... .......... .........[0m[91m. ...[0m[91m....[0m[91m... ..........  2%  569K 25m8s
 13900K ...[0m[91m....... .........[0m[91m. .......... .....[0m[91m..... ..........  2%  202K 25m11s
 13950K .[0m[91m......... .......[0m[91m... .......... ...[0m[91m....... .........[0m[91m.  2%  149K 25m17s
 14000K .......... .....[0m[91m..... .......... .[0m[91m......... .......[0m[91m...  2%  218K 25m19s
 14050K .......... ...[0m[91m....... .........[0m[91m. .......... .....[0m[91m.....  2%  221K 25m22s
 14100K .......... .[0m[91m......... .......[0m[91m... .......... ...[0m[91m.......  2%  231K 25m23s
 14150K .........[0m[91m. .......... .....[0m[91m..... .......... .[0m[91m.........  2%  263K 25m24s
 14200K .......[0m[91m... .......... ...[0m[91m....... .........[0m[91m. ..........  2%  255K 25m25s
 14250K .....[0m[91m..... .......... .[0m[91m......... .......[0m[91m... ..........  2%  265K 25m26s
 14300K ...[0m[91m....... .........[0m[91m. .......... .....[0m[91m..... ..........  2%  288K 25m27s
 14350K .[0m[91m......... .......[0m[91m... .......... .......... .........[0m[91m.  2%  188K 25m30s
 14400K .......... .....[0m[91m..... .......... .[0m[91m......... .......[0m[91m...  2%  223K 25m32s
 14450K .......... ...[0m[91m....... .........[0m[91m. .......... .....[0m[91m.....  2%  230K 25m34s
 14500K .......... .[0m[91m......... .......[0m[91m... .......... ...[0m[91m.......  2%  279K 25m35s
 14550K .........[0m[91m. .......... .....[0m[91m..... .......... .[0m[91m.........  2%  249K 25m36s
 14600K .......[0m[91m... .......... ...[0m[91m....... .........[0m[91m. ..........  2%  285K 25m36s
 14650K .....[0m[91m..... .......... .[0m[91m......... .......[0m[91m... ..........  2%  262K 25m37s
 14700K ...[0m[91m....... .........[0m[91m. .......... .......... ..........  2%  226K 25m39s
 14750K .[0m[91m......... .......[0m[91m... .......... ...[0m[91m....... .........[0m[91m.  2%  195K 25m42s
 14800K .......... .....[0m[91m..... .......... .[0m[91m......... .......[0m[91m...  2%  232K 25m44s
 14850K .......... ...[0m[91m....... .........[0m[91m. .......... .....[0m[91m.....  2%  256K 25m45s
 14900K .......... .[0m[91m......... .......[0m[91m... .......... ..........  3%  202K 25m47s
 14950K .........[0m[91m. .......... .....[0m[91m..... .......... .[0m[91m.........  3%  227K 25m49s
 15000K .......[0m[91m... .......... ...[0m[91m....... .........[0m[91m. ..........  3%  192K 25m52s
 15050K .....[0m[91m..... .......... .[0m[91m......... .......[0m[91m... ..........  3%  211K 25m54s
 15100K ...[0m[91m....... .........[0m[91m. .......... .....[0m[91m..... ..........  3%  225K 25m56s
 15150K .[0m[91m......... .......[0m[91m... .......... ...[0m[91m....... .........[0m[91m.  3%  166K 26m1s
 15200K .......... .....[0m[91m..... .......... .[0m[91m......... .......[0m[91m...  3%  220K 26m2s
 15250K .......... ...[0m[91m....... .........[0m[91m. .......... .....[0m[91m.....  3%  167K 26m7s
 15300K .......... .[0m[91m......... .......[0m[91m... .......... ...[0m[91m.......  3%  210K 26m9s
 15350K .........[0m[91m. .......... .......... .......... .[0m[91m.........  3%  152K[0m[91m 26m14s
 15400K[0m[91m .......[0m[91m... .......... ...[0m[91m....... .........[0m[91m. ..........  3%  175K 26m18s
 15450K .....[0m[91m..... .......... .[0m[91m......... .......[0m[91m... ..........  3%  174K 26m21s
 15500K ...[0m[91m....... .........[0m[91m. .......... .....[0m[91m..... ..........  3%  195K 26m24s
 15550K .[0m[91m......... .......[0m[91m... .......... ...[0m[91m....... ..........  3%  119K 26m32s
 15600K .......... .....[0m[91m..... .......... .[0m[91m......... .......[0m[91m...  3%  210K 26m34s
 15650K .......... ...[0m[91m....... .........[0m[91m. .......... .....[0m[91m.....  3%  171K 26m37s
 15700K .......... .[0m[91m......... .......[0m[91m... .......... ...[0m[91m.......  3%  190K 26m40s
 15750K .........[0m[91m. .......... .....[0m[91m..... .......... .[0m[91m.........  3%  203K 26m43s
 15800K .......[0m[91m... .......... ...[0m[91m....... .........[0m[91m. ..........  3%  202K 26m45s
 15850K .....[0m[91m..... .......... .[0m[91m......... .......[0m[91m... ..........  3%  211K 26m47s
 15900K ...[0m[91m....... .........[0m[91m. .......... .....[0m[91m..... ..........  3%  224K 26m48s
 15950K .[0m[91m......... .......[0m[91m... .......... ...[0m[91m....... .........[0m[91m.  3%  172K 26m52s
 16000K .......... .....[0m[91m..... .......... .[0m[91m......... .......[0m[91m...  3%  247K 26m53s
 16050K .......... ...[0m[91m....... .........[0m[91m. .......... .....[0m[91m.....  3%  245K 26m54s
 16100K .......... .[0m[91m......... .......[0m[91m... .......... ...[0m[91m.......  3%  300K 26m54s
 16150K .........[0m[91m. .......... .....[0m[91m..... .......... .[0m[91m.........  3%  260K 26m54s
 16200K .......[0m[91m... .......... ...[0m[91m....... .........[0m[91m. ..........  3%  294K 26m54s
 16250K .....[0m[91m..... .......... .[0m[91m......... .......[0m[91m... ..........  3%  265K 26m55s
 16300K ...[0m[91m....... .........[0m[91m. .......... .....[0m[91m..... ..........  3%  336K 26m54s
 16350K .[0m[91m......... .......[0m[91m... .......... ...[0m[91m....... ..........  3%  192K 26m56s
 16400K .......... .....[0m[91m..... .......... .[0m[91m......... .......[0m[91m...  3%  307K 26m56s
 16450K .......... ...[0m[91m....... .........[0m[91m. .......... .....[0m[91m.....  3%  230K 26m57s
 16500K .......... .[0m[91m......... .......[0m[91m... .......... ...[0m[91m.......  3%  174K 27m1s
 16550K .......... .......... .....[0m[91m..... .......... .[0m[91m.........  3%  315K 27m0s
 16600K .......[0m[91m... .......... ...[0m[91m....... .........[0m[91m. ..........  3%  201K 27m2s
 16650K .....[0m[91m..... .......... .[0m[91m......... .......[0m[91m... ..........  3%  150K 27m7s
 16700K .......... .........[0m[91m. .......... .....[0m[91m..... ..........  3%  223K 27m8s
 16750K .[0m[91m......... .......[0m[91m... .......... ...[0m[91m....... .........[0m[91m.  3%  113K 27m16s
 16800K .......... .....[0m[91m..... .......... .[0m[91m......... .......[0m[91m...  3%  131K 27m22s
 16850K .......... ...[0m[91m....... .........[0m[91m. .......... .....[0m[91m.....  3%  156K 27m26s
 16900K .......... .[0m[91m......... .......[0m[91m... .......... ...[0m[91m.......  3%  171K 27m29s
 16950K .........[0m[91m. .......... .....[0m[91m..... .......... .[0m[91m.........  3%  178K 27m32s
 17000K .......[0m[91m... .......... ...[0m[91m....... .........[0m[91m. ..........  3%  184K 27m35s
 17050K .....[0m[91m..... .......... .[0m[91m......... .......[0m[91m... ..........  3%  179K 27m38s
 17100K ...[0m[91m....... .........[0m[91m. .......... .....[0m[91m..... ..........  3%  204K 27m40s
 17150K .[0m[91m......... .......[0m[91m... .......... ...[0m[91m....... .........[0m[91m.  3%  182K 27m42s
 17200K .......... .....[0m[91m..... .......... .......... .......[0m[91m...  3%  187K 27m45s
 17250K .......... ...[0m[91m....... .........[0m[91m. .......... .....[0m[91m.....  3%  170K 27m48s
 17300K .......... .[0m[91m......... .......[0m[91m... .......... ...[0m[91m.......  3%  200K 27m50s
 17350K .........[0m[91m. .......... .....[0m[91m..... .......... .[0m[91m.........  3%  194K 27m52s
 17400K .......[0m[91m... .......... ...[0m[91m....... .........[0m[91m. ..........  3%  245K 27m53s
 17450K .....[0m[91m..... .......... .[0m[91m......... .......... ..........  3%  186K 27m55s
 17500K ...[0m[91m....... .........[0m[91m. .......... .....[0m[91m..... ..........  3%  185K 27m57s
 17550K .[0m[91m......... .......[0m[91m... .......... ...[0m[91m....... .........[0m[91m.  3%  146K 28m2s
 17600K .......... .....[0m[91m..... .......... .[0m[91m......... .......[0m[91m...  3%  197K 28m4s
 17650K .......... ...[0m[91m....... .........[0m[91m. .......... .....[0m[91m.....  3%  231K 28m5s
 17700K .......... .[0m[91m......... .......[0m[91m... .......... ...[0m[91m.......  3%  243K 28m5s
 17750K .........[0m[91m. .......... .....[0m[91m..... .......... .[0m[91m.........  3%  204K 28m7s
 17800K .......[0m[91m... .......... ...[0m[91m....... .........[0m[91m. ..........  3%  235K 28m8s
 17850K .....[0m[91m..... .......... .[0m[91m......... .......... ..........  3%  217K 28m9s
 17900K ...[0m[91m....... .........[0m[91m. .......... .....[0m[91m..... ..........  3%  168K 28m12s
 17950K .[0m[91m......... .......[0m[91m... .......... ...[0m[91m....... .........[0m[91m.  3%  149K 28m16s
 18000K .......... .....[0m[91m..... .......... .[0m[91m......... ..........  3%  206K 28m18s
 18050K .......... ...[0m[91m....... .........[0m[91m. .......... .....[0m[91m.....  3%  151K 28m22s
 18100K .......... .[0m[91m......... .......[0m[91m... .......... ...[0m[91m.......  3%  185K 28m24s
 18150K .........[0m[91m. .......... .....[0m[91m..... .......... .[0m[91m.........  3%  183K 28m26s
 18200K .......[0m[91m... .......... ...[0m[91m....... .........[0m[91m. ..........  3%  204K 28m28s[0m[91m
 18250K .....[0m[91m..... .......... .[0m[91m......... .......[0m[91m... ..........  3%  205K 28m30s
 18300K ...[0m[91m....... .........[0m[91m. .......... .....[0m[91m..... ..........  3%  171K 28m32s
 18350K .[0m[91m......... .......[0m[91m... .......... ...[0m[91m....... .........[0m[91m.  3%  134K 28m37s
 18400K .......... .....[0m[91m..... .......... .[0m[91m......... .......[0m[91m...  3%  156K 28m41s
 18450K .......... ...[0m[91m....... .........[0m[91m. .......... .....[0m[91m.....  3%  148K 28m45s
 18500K .......... .[0m[91m......... .......... .......... ...[0m[91m.......  3%  113K 28m51s
 18550K .........[0m[91m. .......... .....[0m[91m..... .......... .[0m[91m.........  3%  122K 28m57s
 18600K .......[0m[91m... .......... ...[0m[91m....... .........[0m[91m. ..........  3%  119K 29m3s
 18650K .....[0m[91m..... .......... .[0m[91m......... .......[0m[91m... ..........  3%  151K 29m7s
 18700K ...[0m[91m....... .........[0m[91m. .......... .....[0m[91m..... ..........  3%  159K 29m10s
 18750K .[0m[91m......... .......[0m[91m... .......... ...[0m[91m....... .........[0m[91m.  3%  137K 29m14s
 18800K .......... .....[0m[91m..... .......... .[0m[91m......... .......[0m[91m...  3%  203K 29m16s
 18850K .......... ...[0m[91m....... .........[0m[91m. .......... .....[0m[91m.....  3%  206K 29m17s
 18900K .......... .[0m[91m......... .......[0m[91m... .......... ...[0m[91m.......  3%  224K 29m18s
 18950K .........[0m[91m. .......... .....[0m[91m..... .......... .[0m[91m.........  3%  236K 29m19s
 19000K .......[0m[91m... .......... ...[0m[91m....... .........[0m[91m. ..........  3%  240K 29m19s
 19050K .....[0m[91m..... .......... .[0m[91m......... .......[0m[91m... ..........  3%  255K 29m19s
 19100K ...[0m[91m....... .........[0m[91m. .......... .....[0m[91m..... ..........  3%  267K 29m19s
 19150K .[0m[91m......... .......[0m[91m... .......... ...[0m[91m....... .........[0m[91m.  3%  215K 29m20s
 19200K .......... .....[0m[91m..... .......... .[0m[91m......... .......[0m[91m...  3%  289K 29m20s
 19250K .......... ...[0m[91m....... .........[0m[91m. .......... .....[0m[91m.....  3%  303K 29m19s
 19300K[0m[91m .......... .[0m[91m......... .......[0m[91m... .......... ...[0m[91m.......  3%  298K 29m18s
 19350K .........[0m[91m. .......... .....[0m[91m..... .......... .[0m[91m.........  3%  320K 29m18s
 19400K .......[0m[91m... .......... ...[0m[91m....... .........[0m[91m. ..........  3%  336K 29m17s
 19450K .....[0m[91m..... .......... .[0m[91m......... .......[0m[91m... ..........  3%  338K 29m15s
 19500K ...[0m[91m....... .........[0m[91m. .......... .....[0m[91m..... ..........  3%  344K 29m14s
 19550K .[0m[91m......... .......... .......... .......... .........[0m[91m.  3%  239K 29m15s
 19600K .......... .....[0m[91m..... .......... .[0m[91m......... .......[0m[91m...  3%  217K 29m16s
 19650K .......... ...[0m[91m....... .........[0m[91m. .......... .....[0m[91m.....  3%  275K 29m16s
 19700K .......... .[0m[91m......... .......[0m[91m... .......... ...[0m[91m.......  3%  275K 29m15s
 19750K .........[0m[91m. .......... .....[0m[91m..... .......... .[0m[91m.........  3%  306K 29m15s
 19800K .......[0m[91m... .......... ...[0m[91m....... .........[0m[91m. ..........  3%  293K 29m14s
 19850K .....[0m[91m..... .......... .[0m[91m......... .......[0m[91m... ..........  3%  349K 29m13s
 19900K ...[0m[91m....... .........[0m[91m. .......... .....[0m[91m..... ..........  4%  339K 29m12s
 19950K .[0m[91m......... .......[0m[91m... .......... .......... ..........  4%  207K 29m13s
 20000K .......... .....[0m[91m..... .......... .[0m[91m......... .......[0m[91m...  4%  291K 29m13s
 20050K .......... ...[0m[91m....... .........[0m[91m. .......... .....[0m[91m.....  4%  236K 29m13s
 20100K .......... .[0m[91m......... .......[0m[91m... .......... ...[0m[91m.......  4%  280K 29m13s
 20150K .........[0m[91m. .......... .....[0m[91m..... .......... .[0m[91m.........  4%  279K 29m13s
 20200K .......[0m[91m... .......... ...[0m[91m....... .........[0m[91m. ..........  4%  262K 29m13s
 20250K .....[0m[91m..... .......... .[0m[91m......... .......[0m[91m... ..........  4%  294K 29m12s
 20300K ...[0m[91m....... .........[0m[91m. .......... .....[0m[91m..... ..........  4%  299K 29m12s
 20350K .[0m[91m......... .......[0m[91m... .......... ...[0m[91m....... .........[0m[91m.  4%  220K 29m12s
 20400K .......... .....[0m[91m..... .......... .[0m[91m......... .......[0m[91m...  4%  318K 29m12s
 20450K .......... ...[0m[91m....... .........[0m[91m. .......... .....[0m[91m.....  4%  192K 29m13s
 20500K .......... .......... .......[0m[91m... .......... ...[0m[91m.......  4%  690K 29m10s
 20550K .........[0m[91m. .......... .....[0m[91m..... .......... .[0m[91m.........  4%  229K 29m11s
 20600K .......[0m[91m... .......... ...[0m[91m....... .........[0m[91m. ..........  4%  245K 29m11s
 20650K .....[0m[91m..... .......... .[0m[91m......... .......[0m[91m... ..........  4%  270K 29m11s
 20700K ...[0m[91m....... .........[0m[91m. .......... .....[0m[91m..... ..........  4%[0m[91m  313K 29m10s[0m[91m
 20750K .[0m[91m......... .......[0m[91m... .......... ...[0m[91m....... .........[0m[91m.  4%  223K 29m11s
 20800K .......... .....[0m[91m..... .......... .[0m[91m......... .......[0m[91m...  4%  296K 29m11s
 20850K .......... ...[0m[91m....... .........[0m[91m. .......... .....[0m[91m.....  4%  339K 29m10s
 20900K .......... .[0m[91m......... .......[0m[91m... .......... ...[0m[91m.......  4%  350K 29m9s
 20950K .........[0m[91m. .......... .....[0m[91m..... .......... ..........  4%  226K 29m9s
 21000K .......[0m[91m... .......... ...[0m[91m....... .........[0m[91m. ..........  4%  284K 29m9s
 21050K .....[0m[91m..... .......... .[0m[91m......... .......[0m[91m... ..........  4%  236K 29m9s
 21100K ...[0m[91m....... .........[0m[91m. .......... .....[0m[91m..... ..........  4%  293K 29m9s
 21150K .[0m[91m......... .......[0m[91m... .......... ...[0m[91m....... .........[0m[91m.  4%  220K 29m10s
 21200K .......... .....[0m[91m..... .......... .[0m[91m......... .......[0m[91m...  4%  281K 29m9s
 21250K .......... ...[0m[91m....... .........[0m[91m. .......... .....[0m[91m.....  4%  323K 29m9s
 21300K .......... .[0m[91m......... .......[0m[91m... .......... ...[0m[91m.......  4%  196K 29m10s
 21350K .........[0m[91m. .......... .....[0m[91m..... .......... .[0m[91m.........  4%  230K 29m11s
 21400K .......[0m[91m... .......... ...[0m[91m....... .........[0m[91m. ..........  4%  306K 29m10s
 21450K .....[0m[91m..... .......... .[0m[91m......... .......[0m[91m... ..........  4%  171K 29m12s
 21500K .......... .......... .......... .....[0m[91m..... ..........  4%  758K 29m9s
 21550K .[0m[91m......... .......[0m[91m... .......... ...[0m[91m....... .........[0m[91m.  4%  178K 29m11s
 21600K .......... .....[0m[91m..... .......... .[0m[91m......... ..........  4%  235K 29m12s
 21650K .......... ...[0m[91m....... .........[0m[91m. .......... .....[0m[91m.....  4%  191K 29m13s
 21700K .......... .[0m[91m......... .......[0m[91m... .......... ...[0m[91m.......  4%  207K 29m14s
 21750K .........[0m[91m. .......... .....[0m[91m..... .......... .[0m[91m.........  4%  161K 29m17s
 21800K .......[0m[91m... .......... ...[0m[91m....... .........[0m[91m. ..........  4%  194K 29m18s
 21850K .....[0m[91m..... .......... .[0m[91m......... .......[0m[91m... ..........  4%  192K 29m20s
 21900K ...[0m[91m....... .........[0m[91m. .......... .....[0m[91m..... ..........  4%  202K 29m21s
 21950K .[0m[91m......... .......[0m[91m... .......... ...[0m[91m....... .........[0m[91m.  4%  161K 29m24s
 22000K .......... .....[0m[91m..... .......... .[0m[91m......... .......[0m[91m...  4%  178K 29m25s
 22050K .......... ...[0m[91m....... .........[0m[91m. .......... .....[0m[91m.....  4%  115K 29m31s
 22100K .......... .[0m[91m......... .......[0m[91m... .......... ...[0m[91m.......  4%  224K 29m31s
 22150K .........[0m[91m. .......... .....[0m[91m..... .......... .[0m[91m.........  4%  150K 29m34s
 22200K .......[0m[91m... .......... ...[0m[91m....... .........[0m[91m. ..........  4%  162K 29m37s
 22250K .....[0m[91m..... .......... .[0m[91m......... .......[0m[91m... ..........  4%  177K 29m38s
 22300K ...[0m[91m....... .........[0m[91m. .......... .....[0m[91m..... ..........  4%  185K 29m40s
 22350K .[0m[91m......... .......[0m[91m... .......... ...[0m[91m....... .........[0m[91m.  4%  123K 29m44s
 22400K .......... .....[0m[91m..... .......... .[0m[91m......... .......[0m[91m...  4%  154K 29m47s
 22450K .......... ...[0m[91m....... .........[0m[91m. .......... .....[0m[91m.....  4%  183K 29m49s
 22500K .......... .[0m[91m......... .......[0m[91m... .......... ...[0m[91m.......  4%  177K 29m51s
 22550K .........[0m[91m. .......... .....[0m[91m..... .......... .[0m[91m.........  4%  210K 29m51s
 22600K .......[0m[91m... .......... ...[0m[91m....... .........[0m[91m. ..........  4%  198K 29m53s
 22650K .....[0m[91m..... .......... .[0m[91m......... .......[0m[91m... ..........  4%  207K 29m54s
 22700K ...[0m[91m....... .........[0m[91m. .......... .....[0m[91m..... ..........  4%  226K 29m54s
 22750K .[0m[91m......... .......[0m[91m... .......... ...[0m[91m.[0m[91m....[0m[91m..[0m[91m ........[0m[91m.[0m[91m.  4%  158K 29m56s
 22800K .......... .....[0m[91m..... .......... .[0m[91m......... .......[0m[91m...  4%  168K 29m59s
 22850K .......... ...[0m[91m....... .........[0m[91m. .......... .....[0m[91m.....  4%  184K 30m0s
 22900K .......... .[0m[91m......... .......[0m[91m... .......... ...[0m[91m.......  4%  205K 30m1s
 22950K .........[0m[91m. .......... .....[0m[91m..... .......... .[0m[91m.........  4%  222K 30m2s
 23000K .......[0m[91m... .......... .......... .........[0m[91m. ..........  4%  179K 30m3s
 23050K .....[0m[91m..... .......... .[0m[91m......... .......[0m[91m... ..........  4%  181K 30m5s
 23100K ...[0m[91m....... .........[0m[91m. .......... .....[0m[91m..... ..........  4%  194K 30m6s
 23150K .[0m[91m......... .......[0m[91m... .......... ...[0m[91m....... .........[0m[91m.  4%  155K 30m8s
 23200K .......... .....[0m[91m..... .......... .[0m[91m......... .......[0m[91m...  4%  222K 30m9s
 23250K .......... ...[0m[91m....... .........[0m[91m. .......... .....[0m[91m.....  4%  231K 30m9s
 23300K .......... .[0m[91m......... .......[0m[91m... .......... ...[0m[91m.......  4%  161K 30m12s
 23350K .........[0m[91m. .......... .....[0m[91m..... .......... .[0m[91m.........  4%  256K 30m11s
 23400K .......[0m[91m... .......... ...[0m[91m....... .........[0m[91m. ..........  4%  113K 30m16s
 23450K .......... .......... .[0m[91m......... .......[0m[91m... ..........  4%  244K 30m16s
 23500K ...[0m[91m....... .........[0m[91m. .......... .....[0m[91m..... ..........  4%  115K 30m21s
 23550K .[0m[91m......... .......[0m[91m... .......... ...[0m[91m....... .........[0m[91m.  4%  114K 30m26s
 23600K .......... .....[0m[91m..... .......... .[0m[91m......... .......[0m[91m...  4%  147K 30m29s
 23650K .......... ...[0m[91m....... .........[0m[91m. .......... .....[0m[91m.....  4%  164K 30m31s
 23700K .......... .[0m[91m......... .......[0m[91m... .......... ...[0m[91m.......  4%  169K 30m33s
 23750K .........[0m[91m. .......... .....[0m[91m..... .......... .[0m[91m.........  4%  118K 30m37s
 23800K .......[0m[91m... .......... ...[0m[91m....... .........[0m[91m. ..........  4%  206K 30m38s
 23850K .....[0m[91m..... .......... .[0m[91m......... .......[0m[91m... ..........  4%  155K 30m40s
 23900K ...[0m[91m....... .........[0m[91m. .......... .....[0m[91m..... ..........  4%  164K 30m42s
 23950K .[0m[91m......... .......[0mThe command '/bin/sh -c wget https://github.com/NationalSecurityAgency/ghidra/releases/download/Ghidra_12.0.3_build/ghidra_12.0.3_PUBLIC_20260210.zip -O ghidra.zip &&     unzip ghidra.zip &&     rm ghidra.zip' returned a non-zero code: 137
[!] Docker build failed with exit code 137
[*] Parsing [RESULT] lines into JSON...
[*] JSON written to /home/palm/TLSHunter/results/143_auto.json
[*] Parsed hook points: (none)
============================================================
[*] End time        : 2026-04-16 17:11:38 +0800
[*] Total duration  : 513 seconds
[*] Final exit code : 137
============================================================
