CLIENT_HANDSHAKE_TRAFFIC_SECRET 0c5eea336b6e4c3883aca32fba63d1f435b04a9a939e5071eba800cb7417fdf0 48d4e3837bb5c44a036aa493e1d9d0b45aeedfd2462e1237154fa3b383f9d63329b8bd3c7cb15738a6d0e46cf67031d1
SERVER_HANDSHAKE_TRAFFIC_SECRET 0c5eea336b6e4c3883aca32fba63d1f435b04a9a939e5071eba800cb7417fdf0 09ae6d51a19b6c2ce16cd8d1a223fd1aa5440d58478ff8136948e8eb4d66fcbc9f52a4301d4fb41ce4b7c218860631e2
CLIENT_HANDSHAKE_TRAFFIC_SECRET 59f8af22d8d492148748cad0dad818c17e04671d79f51f234cfcb42833087868 7a61406fbf0d4e6ac019b2a6851c54a5e8815a0838ad7976a235f9f77ec1b51229244f0b3faf5c88be1a4b3042749f82
SERVER_HANDSHAKE_TRAFFIC_SECRET 59f8af22d8d492148748cad0dad818c17e04671d79f51f234cfcb42833087868 1b69c414bc5fdc6a4ffd5f7dd4427a71230ba739d819c602845d81ab7dbd3241007cae50dffbc3cfbc1dd36160ef1233
CLIENT_TRAFFIC_SECRET_0 0c5eea336b6e4c3883aca32fba63d1f435b04a9a939e5071eba800cb7417fdf0 8e685bd0bf614bd76cd1af1825ebd18233acfa99c3f44a441fa3788314efcc1aedb8456c6797a90758dab9fa56b7b114
SERVER_TRAFFIC_SECRET_0 0c5eea336b6e4c3883aca32fba63d1f435b04a9a939e5071eba800cb7417fdf0 349a36fb286966636e01cb71caa8d4d06a834f57598549ed4d796dab70a89583c305ca07f215eeb67cc228b83f9a67a3
EXPORTER_SECRET 0c5eea336b6e4c3883aca32fba63d1f435b04a9a939e5071eba800cb7417fdf0 cfcad3f4a5deff9110f43a7af96ac09802062d60ed744b6ad5b381e936bdd448375a613091137c2a6905e355d8588379
CLIENT_TRAFFIC_SECRET_0 59f8af22d8d492148748cad0dad818c17e04671d79f51f234cfcb42833087868 a0ca0bfd8fe8092bf8a08fe892768b387309e8f6bb5f0a9bbe544beebec438b33fc07162dbb64fc8be302e2b2e629296
SERVER_TRAFFIC_SECRET_0 59f8af22d8d492148748cad0dad818c17e04671d79f51f234cfcb42833087868 9480c4068a5c834a3c586ca13a2262c543ac91ee83cfbc0eaec954615d94f5d9a4086538239e455966e941f22ec150dc
EXPORTER_SECRET 59f8af22d8d492148748cad0dad818c17e04671d79f51f234cfcb42833087868 bf7948e27238bb181b39d71d2eca5e6f5aa9f21d2139f5368bea57330b3a50cec9ac7a38b30f360839c8268f6fc0aaf5
CLIENT_HANDSHAKE_TRAFFIC_SECRET 4295d954730cb31e440d8c4e87e4994fe94c80da401a5181789abee0551096da 07b59d4d091e2d2b7444d666412973392e03c64723c527cbde0b71c29b23ac93
SERVER_HANDSHAKE_TRAFFIC_SECRET 4295d954730cb31e440d8c4e87e4994fe94c80da401a5181789abee0551096da 8207f1b589c04c733b652d0c0436cfc2cdd71dc37bfa0e85f247a198ec1c808b
CLIENT_HANDSHAKE_TRAFFIC_SECRET c3c19804cbb8461232e5b0517cf732af629c96fb82f03f07e9de221ea92dd6ac d5fee6947bd3729d7c1f29cdc9ba01a92839e00a637520b44d4b9cb80b2cce87
SERVER_HANDSHAKE_TRAFFIC_SECRET c3c19804cbb8461232e5b0517cf732af629c96fb82f03f07e9de221ea92dd6ac a282c2efcbaee2a0de563957e21c14f51e1f7cd61d244cee4bff073033fa6b78
CLIENT_TRAFFIC_SECRET_0 c3c19804cbb8461232e5b0517cf732af629c96fb82f03f07e9de221ea92dd6ac f519f52e7014e1852c04211d8f1daceddd3cc1d2627d905d8f305fce8d21fcf0
SERVER_TRAFFIC_SECRET_0 c3c19804cbb8461232e5b0517cf732af629c96fb82f03f07e9de221ea92dd6ac 3522f51a4644d5471aff981969e07f1b87110e65e9e8c97077ff9f172b13b48d
EXPORTER_SECRET c3c19804cbb8461232e5b0517cf732af629c96fb82f03f07e9de221ea92dd6ac 2fc2f9f54062feac38604dd9b302e3cfca116d7fd3505cef6ec4df3bc8a286a2
CLIENT_HANDSHAKE_TRAFFIC_SECRET bfcd5bd670e6023f5547cf480b5f2c6dc16b7972176b27aa3b89f38857bfd38e d85b1555893a456d3a6903ff05801997a5c8b15bc0566deea86d777d1afb6df2
SERVER_HANDSHAKE_TRAFFIC_SECRET bfcd5bd670e6023f5547cf480b5f2c6dc16b7972176b27aa3b89f38857bfd38e 3fe204b39f0f43d51931979f7cd5bebb13bf10119c208c4cf3a750513b4e0495
CLIENT_HANDSHAKE_TRAFFIC_SECRET 2acdf29c6f1750bad34716b7d61cf9348e2c2fb1f99424d5d9d16a90aedd06c5 64825a46b29629f5505502b646b9f5f34ddedb39b9d13cea5231544c215caa05
SERVER_HANDSHAKE_TRAFFIC_SECRET 2acdf29c6f1750bad34716b7d61cf9348e2c2fb1f99424d5d9d16a90aedd06c5 94916982c61f758da0f21b42ad863707f9744879c1fbc35551b15e663f16c94f
CLIENT_TRAFFIC_SECRET_0 2acdf29c6f1750bad34716b7d61cf9348e2c2fb1f99424d5d9d16a90aedd06c5 661f25e91efceee06d63bd033562a77f4421d351f21dc2d4d9e1ca2af30587e9
SERVER_TRAFFIC_SECRET_0 2acdf29c6f1750bad34716b7d61cf9348e2c2fb1f99424d5d9d16a90aedd06c5 5a61bc497aa8ac381977f77f5547d2f29000f9d9b50a29f13225627683f6636f
EXPORTER_SECRET 2acdf29c6f1750bad34716b7d61cf9348e2c2fb1f99424d5d9d16a90aedd06c5 c0adb190ab6f2b15887bf7123926a150cdc7706487eb0626723df9c5bf7dd701
CLIENT_TRAFFIC_SECRET_0 bfcd5bd670e6023f5547cf480b5f2c6dc16b7972176b27aa3b89f38857bfd38e 2e8853fbc4367f3ff911609c1f0f191a46aafa58a07d11d7625e0225dce14539
SERVER_TRAFFIC_SECRET_0 bfcd5bd670e6023f5547cf480b5f2c6dc16b7972176b27aa3b89f38857bfd38e 364f7560129ff538886f18f7823ffac06c8087c8de8cc70f268652fe82e8f641
EXPORTER_SECRET bfcd5bd670e6023f5547cf480b5f2c6dc16b7972176b27aa3b89f38857bfd38e 58423208b3c4cc5338e01bb41d0394f8eed3d7697c499c1c897837f92bd54349
CLIENT_HANDSHAKE_TRAFFIC_SECRET 941e334acb61ddc4a0a3daaacf75eb32ed343fd85bdd6b46ba6b098b956c5467 542c00c702edf31a6724a79d61f70d02718819e432decb509c2185d5c181261e
SERVER_HANDSHAKE_TRAFFIC_SECRET 941e334acb61ddc4a0a3daaacf75eb32ed343fd85bdd6b46ba6b098b956c5467 767d9fc98ae08971aac18088fa6a3b36bd7a7bf75cf842dd6997faa3f0d92380
CLIENT_TRAFFIC_SECRET_0 941e334acb61ddc4a0a3daaacf75eb32ed343fd85bdd6b46ba6b098b956c5467 f291fa429d295ba0cb17850c607f033ca8584008473a013e4cb2d3c48d5c8770
SERVER_TRAFFIC_SECRET_0 941e334acb61ddc4a0a3daaacf75eb32ed343fd85bdd6b46ba6b098b956c5467 ad63b163db0694ffcefe6b4a87a4d1d0796cc4866331cbc4e9cb913a5bc95681
EXPORTER_SECRET 941e334acb61ddc4a0a3daaacf75eb32ed343fd85bdd6b46ba6b098b956c5467 6fe230c6325ed0ba7b1b0a712a0737d81fb630bf46ddf34991cdb4f1d139bc3c
CLIENT_HANDSHAKE_TRAFFIC_SECRET 0b6020b0827c76d8765fc386e9b39b5a09c83998547f79d7179ac8cb32fced87 9fb05c1a4fa44526e42911aeb4238c7ea69d3b95e008c0afcc4eab9faa114c84
SERVER_HANDSHAKE_TRAFFIC_SECRET 0b6020b0827c76d8765fc386e9b39b5a09c83998547f79d7179ac8cb32fced87 a6d626359e10c6fe4d9586fca6d6e9cb6dd138a131087dcb3dcda7532aa38d1c
CLIENT_HANDSHAKE_TRAFFIC_SECRET 68355c13a989274f148a41da94c4dfbf91d0f1e0b61fa3da462d86cdb8747d8e 3d28be5f00b13d75df4cd5b1cb0639e2de192e68bf7e397131683e2fb4b6a5f8
SERVER_HANDSHAKE_TRAFFIC_SECRET 68355c13a989274f148a41da94c4dfbf91d0f1e0b61fa3da462d86cdb8747d8e aa343e703ebf8ff94ed3b3cc9b87b5ebf8d9f57a6c416e68d0ac4502e659cb75
CLIENT_TRAFFIC_SECRET_0 0b6020b0827c76d8765fc386e9b39b5a09c83998547f79d7179ac8cb32fced87 43349e55bff705c21b6726e74d3525555900e29d5b8587fb8604b2a9c05de7f6
SERVER_TRAFFIC_SECRET_0 0b6020b0827c76d8765fc386e9b39b5a09c83998547f79d7179ac8cb32fced87 9a2d761ba233620cf385ca1ac13de52343db3bf094fded97723d1208f8e3fa24
EXPORTER_SECRET 0b6020b0827c76d8765fc386e9b39b5a09c83998547f79d7179ac8cb32fced87 eb826c8a489e20b0d0a398ac1e3b770f1ae1de5230efbacb4642f6fd5ba5d405
CLIENT_TRAFFIC_SECRET_0 68355c13a989274f148a41da94c4dfbf91d0f1e0b61fa3da462d86cdb8747d8e 84bb882406ef9a9fb6f3ddefe8012eac70c05db64557876ccc4ce839f13ca4e8
SERVER_TRAFFIC_SECRET_0 68355c13a989274f148a41da94c4dfbf91d0f1e0b61fa3da462d86cdb8747d8e 33ebb64cb4cf3215fe9dd936ad09aad9e80623fd3094427bd12ed7458fe812d3
EXPORTER_SECRET 68355c13a989274f148a41da94c4dfbf91d0f1e0b61fa3da462d86cdb8747d8e 1173683123f9a946c9cacc278ba0f3cee15272575ffca5c8496364d7f1ca47cf
CLIENT_HANDSHAKE_TRAFFIC_SECRET 0fa43da06462a73ba8e9ef3e02416059a609aad05372f4eb1b71d6dcb60bf17e cd0d830fbf2f6a2461eeac0878363467246f7f38775e8b324038f4a0ee96a7f1
SERVER_HANDSHAKE_TRAFFIC_SECRET 0fa43da06462a73ba8e9ef3e02416059a609aad05372f4eb1b71d6dcb60bf17e aa2fddd9b627d0b8f3366af3890201deb52ee40dce50d6ba7151925c773e2f1b
CLIENT_TRAFFIC_SECRET_0 0fa43da06462a73ba8e9ef3e02416059a609aad05372f4eb1b71d6dcb60bf17e 0a0f219cbfb62fbf206fa20461f118d821d5391e8f9364efc28523e2fc044c13
SERVER_TRAFFIC_SECRET_0 0fa43da06462a73ba8e9ef3e02416059a609aad05372f4eb1b71d6dcb60bf17e 8b1505818dcf202bab298fa511fbff9428d2435248350e8a95bdbf56b87cca36
EXPORTER_SECRET 0fa43da06462a73ba8e9ef3e02416059a609aad05372f4eb1b71d6dcb60bf17e 7833a656937ece60bfdda6c841ce76c9e874aedd596a927e23913d98783a0665
CLIENT_HANDSHAKE_TRAFFIC_SECRET fd7f36744ce83d8911c6fce0e7e9bbf6da1c613512794d9971e35135e6139f9c 97d67c0208e4a0ebf67e63a8b378356f426b1eb5a74c1dc4613965e406e92a7d
SERVER_HANDSHAKE_TRAFFIC_SECRET fd7f36744ce83d8911c6fce0e7e9bbf6da1c613512794d9971e35135e6139f9c 0692c4243f129ae70c911a66df602be68739c9adab4e5641a1e628cf28fee5e5
CLIENT_TRAFFIC_SECRET_0 fd7f36744ce83d8911c6fce0e7e9bbf6da1c613512794d9971e35135e6139f9c 62f60f46701a065e0f8781c3dfa5239d7ce9e25435036eb474907bfb8deb7291
SERVER_TRAFFIC_SECRET_0 fd7f36744ce83d8911c6fce0e7e9bbf6da1c613512794d9971e35135e6139f9c fe0ebebb363b8fbe929f2022c85a6f5c18f8a657e6fe95732423eaa4978b13d3
EXPORTER_SECRET fd7f36744ce83d8911c6fce0e7e9bbf6da1c613512794d9971e35135e6139f9c dc9eefe85d65a0d1824daace51e232f06631f71e85cbc035b056cf1325c24f76
CLIENT_HANDSHAKE_TRAFFIC_SECRET 94d665eb088211ed0c7ce4859731920c16d83e75d9becaebfca4504652c0c717 422535237a78be317731cf013a5c56d090d92419725eed3ff333ab026b565d2d
SERVER_HANDSHAKE_TRAFFIC_SECRET 94d665eb088211ed0c7ce4859731920c16d83e75d9becaebfca4504652c0c717 9be6f52c0ab26a3bab379b51dafd67bd1231817e00adb877abcdcf644b49b12b
CLIENT_TRAFFIC_SECRET_0 94d665eb088211ed0c7ce4859731920c16d83e75d9becaebfca4504652c0c717 2c2ff581296dd51468412a7348e49dbffe6b0fbc46f761475446d576ae80131b
SERVER_TRAFFIC_SECRET_0 94d665eb088211ed0c7ce4859731920c16d83e75d9becaebfca4504652c0c717 9eaaaddc84d4ad6a1da1f10f6336670895b1f62e2a42ebc96fd568611268629a
EXPORTER_SECRET 94d665eb088211ed0c7ce4859731920c16d83e75d9becaebfca4504652c0c717 74cf9bc2b637fbc196afe7a7d151c7f711afd9f91759c25ee47adde5dbb2a3cd
CLIENT_HANDSHAKE_TRAFFIC_SECRET 711f1b7646b8017a9f25dc3b6b8bfea079f8de446c2f9cda0be4f6f6d1012aba ba4c6d2692e302e521a1a0e35f0715bdeccfc93bdc53a0139539bf70a1d30aeb
SERVER_HANDSHAKE_TRAFFIC_SECRET 711f1b7646b8017a9f25dc3b6b8bfea079f8de446c2f9cda0be4f6f6d1012aba b3c883d462d6951abcdfc5b61a81dece4dbf818c9b32f3eb57bcbb36f03ba53d
CLIENT_TRAFFIC_SECRET_0 711f1b7646b8017a9f25dc3b6b8bfea079f8de446c2f9cda0be4f6f6d1012aba b1e68fa9586251533559ff05bd55e577609391f03af921735bbac57adfbb9f6d
SERVER_TRAFFIC_SECRET_0 711f1b7646b8017a9f25dc3b6b8bfea079f8de446c2f9cda0be4f6f6d1012aba 34417b1312e2ba183e9279448a9fff77251722aa07744e643d6d9f1b3f287e21
EXPORTER_SECRET 711f1b7646b8017a9f25dc3b6b8bfea079f8de446c2f9cda0be4f6f6d1012aba 93657e3a8cb653239e2b2f43b815d5da95e9daf06bc6d4615ccd07b1491ff276
CLIENT_HANDSHAKE_TRAFFIC_SECRET 320dcd65cb77d177877a9ecf12f2623cecfd63e7f1b5adf880e79340c15cc54b 8691c8b642761e30558bca7adf33c365210b2d979ca5acc1833d7c3b6bfd4bb8b9aa1e1a3e41b0bc6d46f2516146d004
SERVER_HANDSHAKE_TRAFFIC_SECRET 320dcd65cb77d177877a9ecf12f2623cecfd63e7f1b5adf880e79340c15cc54b 820fad2ffd4ddac540702eff06c661d810df0e599590520a2c9df55047454f8cffb5192276a1e4921d1628f9fd477099
CLIENT_TRAFFIC_SECRET_0 320dcd65cb77d177877a9ecf12f2623cecfd63e7f1b5adf880e79340c15cc54b ea93204216fff124ff142714f308cdba9116751039058100d2b2eb18de3767b858b286db435b5bbccd29e0638f7063c1
SERVER_TRAFFIC_SECRET_0 320dcd65cb77d177877a9ecf12f2623cecfd63e7f1b5adf880e79340c15cc54b d87ac7fe6aa2544a89637c70085a21f7db81b86aae86e5cd6273277e036b28b545ed01a15142fa05db126677eaafc8ee
EXPORTER_SECRET 320dcd65cb77d177877a9ecf12f2623cecfd63e7f1b5adf880e79340c15cc54b 4f13b747a67198f956b5949b923a40bb2c773e32bbb45c4085a4d26d34169d115f29a754b47a6582a346f114d15c099c
CLIENT_HANDSHAKE_TRAFFIC_SECRET b66fecdd624924d57454d787c07a063323df9e4f162ea951104a68dc6d4c1107 5b06a4c8333e1e96a0be264d58705bc67074e15e11d8f0a916f710b1ffda8e223a79c7e6e99382cf6984a9e2cc74d078
SERVER_HANDSHAKE_TRAFFIC_SECRET b66fecdd624924d57454d787c07a063323df9e4f162ea951104a68dc6d4c1107 ab2e5459404270e136936e441d1aaef81f76a8d395fb2db18ad1be973c212c2b2e88899a2cd18af3fcf09dc72fca36dd
CLIENT_TRAFFIC_SECRET_0 b66fecdd624924d57454d787c07a063323df9e4f162ea951104a68dc6d4c1107 3e1216671aa6cff7915f200bd33f0b24c2db245de5ab12e95d742853115db4bca66633525c5825c331c484861fe645b1
SERVER_TRAFFIC_SECRET_0 b66fecdd624924d57454d787c07a063323df9e4f162ea951104a68dc6d4c1107 58fe4b33d5525d714e9a58858b54f75b174198682782f7b99b50db089fb016dd0940044286bdefd8026ebf522ca39d03
EXPORTER_SECRET b66fecdd624924d57454d787c07a063323df9e4f162ea951104a68dc6d4c1107 bb515826e9a2139ef80cbe58c957dd80fcc1cd68145367a15a153336a28e1d2d163156a9155d7297120dcedf6465e426
CLIENT_HANDSHAKE_TRAFFIC_SECRET 873ab2936bbd2594185cf5a22843b797c73950b73695ab972eb7b69651c315da 2d7f660e79f6ebd89c4a8681dd086bb84432d028054e2412b100a837bfbcefe9
SERVER_HANDSHAKE_TRAFFIC_SECRET 873ab2936bbd2594185cf5a22843b797c73950b73695ab972eb7b69651c315da a7d492b39eb5c31f22a511ed94fdd47495afccd86e70c0f24ed57ea78fe6b3b4
CLIENT_TRAFFIC_SECRET_0 873ab2936bbd2594185cf5a22843b797c73950b73695ab972eb7b69651c315da 14263b9f3d9eeaf67b692510a52378e0de07237d2197dcb023d183cb28a78d67
SERVER_TRAFFIC_SECRET_0 873ab2936bbd2594185cf5a22843b797c73950b73695ab972eb7b69651c315da 985f436791dec76a577d5114af26efdda18615f01de7b1ffe0656ef8ec8967ef
EXPORTER_SECRET 873ab2936bbd2594185cf5a22843b797c73950b73695ab972eb7b69651c315da ca0d0b5260106fe63b60339e47c13bfe310d345e6b49298df43128c3328001aa
CLIENT_HANDSHAKE_TRAFFIC_SECRET 2c1adabb9db9882d30eba5934c9c57f39501666f79423b09ad4d50dfc1013950 1d0f1610fa79755f132c0f8b264168d75e117c76585aa8c853b3b21963a66c14
SERVER_HANDSHAKE_TRAFFIC_SECRET 2c1adabb9db9882d30eba5934c9c57f39501666f79423b09ad4d50dfc1013950 fb613669c635f178bd79d04d4a10db8d277e87ab35e607b652d9ce9b224aad34
CLIENT_TRAFFIC_SECRET_0 2c1adabb9db9882d30eba5934c9c57f39501666f79423b09ad4d50dfc1013950 59326fdd131433377c5bf81ca4123d1752953788a4760f870d627065240e1595
SERVER_TRAFFIC_SECRET_0 2c1adabb9db9882d30eba5934c9c57f39501666f79423b09ad4d50dfc1013950 ec5ca72a3b25df8a806963206328309c746d4e7f920486b5b30df58626484552
EXPORTER_SECRET 2c1adabb9db9882d30eba5934c9c57f39501666f79423b09ad4d50dfc1013950 fd066ffa1eaa82ed300ec6fe57179f2da13cbd238696756612040887480b0f76
CLIENT_HANDSHAKE_TRAFFIC_SECRET 4df853cc9dcacd6e687d80a4377a0b25305afe1d79f331d00914a7e259f85871 12c6311e72903fbce4bdef24063d4f6d9d4276d9bed3bdddb68d7954fff191b1
SERVER_HANDSHAKE_TRAFFIC_SECRET 4df853cc9dcacd6e687d80a4377a0b25305afe1d79f331d00914a7e259f85871 18115a68fc73231fc67d8d796f929bdb6bdfb2947dc31090410bdaa20ac43d97
CLIENT_TRAFFIC_SECRET_0 4df853cc9dcacd6e687d80a4377a0b25305afe1d79f331d00914a7e259f85871 0d9a18494943db5969529cfbe904f291452d651be559d038824e2315d16341a7
SERVER_TRAFFIC_SECRET_0 4df853cc9dcacd6e687d80a4377a0b25305afe1d79f331d00914a7e259f85871 65d67b49ea98ccf44aa2a496781789a9a59e626e0597e6148dd30384d282dcdc
EXPORTER_SECRET 4df853cc9dcacd6e687d80a4377a0b25305afe1d79f331d00914a7e259f85871 eb94938be7ac6fb9eb6e287a65935efa25e2c996ab076f0049949879328e020b
CLIENT_HANDSHAKE_TRAFFIC_SECRET 545733bef14295942fc11502732e6677eb1e62cf7708b4b38510bc6838885f69 8318513bd056436836fdb265deed4d4c80ccb0ac940d6a01d934493ad390ddb1
SERVER_HANDSHAKE_TRAFFIC_SECRET 545733bef14295942fc11502732e6677eb1e62cf7708b4b38510bc6838885f69 846733bb24b95eff29f28cd0abc878a734f8f9eeee6b9c3312ef84cab2ffa68b
CLIENT_TRAFFIC_SECRET_0 545733bef14295942fc11502732e6677eb1e62cf7708b4b38510bc6838885f69 0dc9b59384ab976bb97c390e660fc8a66c1d048f61ded79b6c74697cca0565a8
SERVER_TRAFFIC_SECRET_0 545733bef14295942fc11502732e6677eb1e62cf7708b4b38510bc6838885f69 978b85a6db33405dd24adbb6a0de4281452dead1fa1d5134d42b569d2f27d8de
EXPORTER_SECRET 545733bef14295942fc11502732e6677eb1e62cf7708b4b38510bc6838885f69 a9f02b1c750c61144b089d873694ff779c29887edfb9768af698de37990f5f89
CLIENT_HANDSHAKE_TRAFFIC_SECRET 039b5fb518cea18b70618c58f816b3e114c0ee3eb0ddfb2d3323aed90c70e85e 6e37bc13cc9f2d1cde4b9f586e4b4250c65558a14e3fc332627062a6cc93ee37a479b7821c965b30f755037128f5afa5
SERVER_HANDSHAKE_TRAFFIC_SECRET 039b5fb518cea18b70618c58f816b3e114c0ee3eb0ddfb2d3323aed90c70e85e 610b258af947e04f7e42758890fc7e647251f57190754c832a0f0795703e5fcb2c9de7e961895d91cc395d7cc647fdd4
CLIENT_TRAFFIC_SECRET_0 039b5fb518cea18b70618c58f816b3e114c0ee3eb0ddfb2d3323aed90c70e85e 2a6e239ea3aa386dfad47ced1474b8f6f9a6fa489e77f111823816be61b5f71276dfc7106816af1aab34347f0eb457ed
SERVER_TRAFFIC_SECRET_0 039b5fb518cea18b70618c58f816b3e114c0ee3eb0ddfb2d3323aed90c70e85e 795925577e90b2fd9585b0910a5be862dd61d14a2e2479c9abb2d0440f109fdf39d2e75d64a9c4d3db7ce52d2fef2e9a
EXPORTER_SECRET 039b5fb518cea18b70618c58f816b3e114c0ee3eb0ddfb2d3323aed90c70e85e 5bf3c6331fa60fbbd0d4e2267484b53a55b6b31927cd676534d68f5fe985600556798d3445ee1d7ca6cb6a97584ff29a
CLIENT_HANDSHAKE_TRAFFIC_SECRET caf3f8b6e8b6f635aedf7390c85d6ea30ebbc92d02592e81fea26238bed8f3db cdc8540df7226a2f6715924ad3ccdc7a7503336676f89f489178947c60fbb44e635fa3604b93f3e2fcc0e896c55eb2ff
SERVER_HANDSHAKE_TRAFFIC_SECRET caf3f8b6e8b6f635aedf7390c85d6ea30ebbc92d02592e81fea26238bed8f3db 99a61ae3652ae0003fe3425eab689e6ab13cee23096c0819ac92d450552e208ae192db63e6703245b0015462fde7b302
CLIENT_TRAFFIC_SECRET_0 caf3f8b6e8b6f635aedf7390c85d6ea30ebbc92d02592e81fea26238bed8f3db c6f0ba8b18ea41c3e0c30ddb2177116a4ef44c8653acefab10d5d422e08e2d141836b7315c03f1f99b1761bf56386d92
SERVER_TRAFFIC_SECRET_0 caf3f8b6e8b6f635aedf7390c85d6ea30ebbc92d02592e81fea26238bed8f3db f46dea2a4760a5e6de01be94c9f1010e212c2e81e70eea8542f74f13d2fca00f352d7bae86e64fedd311fb2478aedf2b
EXPORTER_SECRET caf3f8b6e8b6f635aedf7390c85d6ea30ebbc92d02592e81fea26238bed8f3db 0e1d65e07d4b9faba10a998c4bf38a284acaea26e8c91b8fd80bc4f091d63c7a7bf0c6ed4ad5e5c58e5de0fdfa6dd602
CLIENT_HANDSHAKE_TRAFFIC_SECRET 996a9a93643cae726095877a315e1417f2afa0e927a9f0938227deee7e56d9a1 679361a579ef41ab57417ce3ac7a33f177068e9e6e5ab7379e9cbf1becf259bd
SERVER_HANDSHAKE_TRAFFIC_SECRET 996a9a93643cae726095877a315e1417f2afa0e927a9f0938227deee7e56d9a1 e1f6450ccef1c77ccd77bd422a61a3f68641e755d44b23457c2ab4f0b0e52ef1
CLIENT_TRAFFIC_SECRET_0 996a9a93643cae726095877a315e1417f2afa0e927a9f0938227deee7e56d9a1 c73b498aa8e8ec6caf84dfdc01911334e58b1a47381f30d002d0ea340b799e5c
SERVER_TRAFFIC_SECRET_0 996a9a93643cae726095877a315e1417f2afa0e927a9f0938227deee7e56d9a1 d0c2f2bd82ae3fa2c46c6f5c58b89dc7903067a3f80ffa920497d6ba276caa49
EXPORTER_SECRET 996a9a93643cae726095877a315e1417f2afa0e927a9f0938227deee7e56d9a1 211c022b1d5df303625e5310f79be26fdd1fdb1a3aeab8265bbcbc2a575e22dc
CLIENT_HANDSHAKE_TRAFFIC_SECRET 01b0420e15e422ad4d2523111c2a5ed969e3b0deaaaf2d5873d592dd03e2080f fe916c1f628c7c277c31446abcacbfed16e5144190c8bf3354c7f02afe81cb18
SERVER_HANDSHAKE_TRAFFIC_SECRET 01b0420e15e422ad4d2523111c2a5ed969e3b0deaaaf2d5873d592dd03e2080f be1e111c9a9966a5af81460231902d23ce92283183c02309b033fd5fb90d2c90
CLIENT_HANDSHAKE_TRAFFIC_SECRET 5ba49c4fb6e5ae4cecf6b1b33df5a442b29c6b324c2f316b8c0bfacb20b82ead 881f3cff429db0323bec7f2fd8a1093f1eeec0bce78eb284b488b7bec9eab367
SERVER_HANDSHAKE_TRAFFIC_SECRET 5ba49c4fb6e5ae4cecf6b1b33df5a442b29c6b324c2f316b8c0bfacb20b82ead 518b9af566d765c3d84bd48a084c514aa8e3d9819fc548eec15cfe1b4ed1aee3
CLIENT_HANDSHAKE_TRAFFIC_SECRET 7bda3a1058b460552681278754998841a54d0f290b4c7a46022e095cc622728b f4a5a683967bc495e27961385f4d78d2376174aa7f04d05f22848e2faf027afb
SERVER_HANDSHAKE_TRAFFIC_SECRET 7bda3a1058b460552681278754998841a54d0f290b4c7a46022e095cc622728b 2d0fe7af810f5ddc28b8edeb35feea1c95b0cea65ff9dd3e5d85ae0e6592bbec
CLIENT_HANDSHAKE_TRAFFIC_SECRET f83bd7b1451bae03c132553bd117d1559c845be5900d1751539e6011194b27eb 92d186bfc83b07efb112251e62ceed0a5819d33cc1a99718bd9082ee5c122106
SERVER_HANDSHAKE_TRAFFIC_SECRET f83bd7b1451bae03c132553bd117d1559c845be5900d1751539e6011194b27eb e5340a55af896ba3ba460bd9c152438e8311bc0fecba90b8d3915a531fc933e2
CLIENT_HANDSHAKE_TRAFFIC_SECRET ae21e033155b71cbb47aecb534d1e0bf96f82e3b875b5aca6044b85a50105f33 a1702f46ae0006c3e616068856cfc275c615bd41ac9218a9fb8cb05f044e47fe
SERVER_HANDSHAKE_TRAFFIC_SECRET ae21e033155b71cbb47aecb534d1e0bf96f82e3b875b5aca6044b85a50105f33 0a20a4fc407ae7c3c39e24869694cc64d9922ccdfb1dcad6dfe29f5d5f9faabc
CLIENT_TRAFFIC_SECRET_0 01b0420e15e422ad4d2523111c2a5ed969e3b0deaaaf2d5873d592dd03e2080f 5e89c4252ecbc41cf6f52137f26a630965140b6209908a33d2030426100e9fca
SERVER_TRAFFIC_SECRET_0 01b0420e15e422ad4d2523111c2a5ed969e3b0deaaaf2d5873d592dd03e2080f e33ddcdd75295b944cf64d5846542d22e265a919f7d872439edc127cc0ba2aa5
EXPORTER_SECRET 01b0420e15e422ad4d2523111c2a5ed969e3b0deaaaf2d5873d592dd03e2080f 8d58f1f1e9df46f449d4351bdf75530d359d9101af428db930518148b04da3ca
CLIENT_TRAFFIC_SECRET_0 5ba49c4fb6e5ae4cecf6b1b33df5a442b29c6b324c2f316b8c0bfacb20b82ead 66ebe79efa197f4b277424e68e5633eef76f9c23d3d8785ef4ff5bc3142df60e
SERVER_TRAFFIC_SECRET_0 5ba49c4fb6e5ae4cecf6b1b33df5a442b29c6b324c2f316b8c0bfacb20b82ead 3f907e3433ff16ef57f76fe5b36b2536641bbfff3cbf17f72e68886509c32264
EXPORTER_SECRET 5ba49c4fb6e5ae4cecf6b1b33df5a442b29c6b324c2f316b8c0bfacb20b82ead 7a70b66285c6b0b4d66808b3782d618178e6f3a412f99bb61d02eb2f10e0a46f
CLIENT_TRAFFIC_SECRET_0 7bda3a1058b460552681278754998841a54d0f290b4c7a46022e095cc622728b eff253760c65739b57a05c51d7394196fdcb30cb80a3f2f5a64e001f409098e4
SERVER_TRAFFIC_SECRET_0 7bda3a1058b460552681278754998841a54d0f290b4c7a46022e095cc622728b 65ea7a17cce6d41ef090388c45a19dcbe2b2897ce49c77175222f382ebf635b6
EXPORTER_SECRET 7bda3a1058b460552681278754998841a54d0f290b4c7a46022e095cc622728b 044d1f5326f4aad7699bc802266fbb3390dc0019856bb7ece885378bd9466ce7
CLIENT_TRAFFIC_SECRET_0 f83bd7b1451bae03c132553bd117d1559c845be5900d1751539e6011194b27eb 7c0333a9f054ee330c347e190824662cf1aa99ad7903e22674737ab92613ae85
SERVER_TRAFFIC_SECRET_0 f83bd7b1451bae03c132553bd117d1559c845be5900d1751539e6011194b27eb 7bbe34bb483c2c4bea0a4abe73be81c653ada482e1f3c5c9ea89e6900739f49d
EXPORTER_SECRET f83bd7b1451bae03c132553bd117d1559c845be5900d1751539e6011194b27eb 02ffdfded2182de23a654c95a82fc9c4a9affe217108a6cb6fae851d5dc24b84
CLIENT_TRAFFIC_SECRET_0 ae21e033155b71cbb47aecb534d1e0bf96f82e3b875b5aca6044b85a50105f33 2a73ed477a6858dac55e0ced23206895f6b7ff80de810648eac80c49d2c9ab14
SERVER_TRAFFIC_SECRET_0 ae21e033155b71cbb47aecb534d1e0bf96f82e3b875b5aca6044b85a50105f33 cf068a37eaba27b61499e0eabcddeb70f29599fab2d1fc88107d9003543cd651
EXPORTER_SECRET ae21e033155b71cbb47aecb534d1e0bf96f82e3b875b5aca6044b85a50105f33 3890be977b2a92992dda4dc9d8ef2081ff50422695ae9b6ea8ce6e875af420f7
CLIENT_HANDSHAKE_TRAFFIC_SECRET d89ddff815b812ed97268db36479cbdc04cd094837c8d9b9fc32066d77f2b6d9 4a79bf09cd39edb9651755063269f576643e828d75f9316cff9e4496123b41ac
SERVER_HANDSHAKE_TRAFFIC_SECRET d89ddff815b812ed97268db36479cbdc04cd094837c8d9b9fc32066d77f2b6d9 70ea72ff9f59836c9bb96059927cd389735989ee4a0379e51fe7c2250acb7be8
CLIENT_TRAFFIC_SECRET_0 d89ddff815b812ed97268db36479cbdc04cd094837c8d9b9fc32066d77f2b6d9 b3a8cc13fa7783da9f51cc4a2077544953e65acece1c168018a4ac4ff0eeb145
SERVER_TRAFFIC_SECRET_0 d89ddff815b812ed97268db36479cbdc04cd094837c8d9b9fc32066d77f2b6d9 b0730484408ce6a763cf238c35e2f929509def47510526e371f3345014568376
EXPORTER_SECRET d89ddff815b812ed97268db36479cbdc04cd094837c8d9b9fc32066d77f2b6d9 830f8c60b03471df8a7f790221245d02cbcbe9c2a0d8fc50c4f75fdf5a63fe15
CLIENT_HANDSHAKE_TRAFFIC_SECRET 9683377c570947bb64006dda964a718b3f8feed88826d69c63c92663cbaace81 9b62e0e9f08818d0e485559b18dae67c955a5c126c7cd35b3e8d450e8623d8e1
SERVER_HANDSHAKE_TRAFFIC_SECRET 9683377c570947bb64006dda964a718b3f8feed88826d69c63c92663cbaace81 6e4d1117f0a60df3f251d3fc73384eee96dca5dd2f0745f736b1de579f022f13
CLIENT_TRAFFIC_SECRET_0 9683377c570947bb64006dda964a718b3f8feed88826d69c63c92663cbaace81 dab9c0a6a0cceb6e8aa1831a9f0e23d740072b78306509f82538af7e93ff8337
SERVER_TRAFFIC_SECRET_0 9683377c570947bb64006dda964a718b3f8feed88826d69c63c92663cbaace81 765bd4b92e90140d457fcd05d44f7a74ca219b81ef10a104561e76e7b9613ceb
EXPORTER_SECRET 9683377c570947bb64006dda964a718b3f8feed88826d69c63c92663cbaace81 a88e1705ed79cb2ac48b0c1216bfed96442e9fd3b27335db468295f571563502
CLIENT_HANDSHAKE_TRAFFIC_SECRET 958c082666e95f75daa15fd6db0f71bb0ebbc2f9679b211b54349bf7c9401ca6 3bef9690ba2ef159780cccbb174f934bb5c31213f35141d79b828cff4b0f7018
SERVER_HANDSHAKE_TRAFFIC_SECRET 958c082666e95f75daa15fd6db0f71bb0ebbc2f9679b211b54349bf7c9401ca6 24931816ac2f5aa54689649368619f92d0c346e38afbf322e8388644db354afa
CLIENT_TRAFFIC_SECRET_0 958c082666e95f75daa15fd6db0f71bb0ebbc2f9679b211b54349bf7c9401ca6 9776f5f33e4d52c5d4457b098fa5b3cb45ff9f1f0629be263a0fbfd4bd249422
SERVER_TRAFFIC_SECRET_0 958c082666e95f75daa15fd6db0f71bb0ebbc2f9679b211b54349bf7c9401ca6 b5a473eb85eb8cd9cfe539a1cae4b036ce3afa60bc0150b3c70a851d7cefaf7f
EXPORTER_SECRET 958c082666e95f75daa15fd6db0f71bb0ebbc2f9679b211b54349bf7c9401ca6 d5114788aa21e6a09e9d6dd77ac00270be3ea7db17e4e752f0a9168c3be1de96
CLIENT_HANDSHAKE_TRAFFIC_SECRET 74c31a30431427ce59fdf5ca3d8a2247a26a37f4a7791e0bcae5e42721d0bdae 4b9707eeff2d16832f190364e44974283ca9d736889d7fbe480d129bafc9ca3e2da83ec2f219d3a186fc2bc488938f55
SERVER_HANDSHAKE_TRAFFIC_SECRET 74c31a30431427ce59fdf5ca3d8a2247a26a37f4a7791e0bcae5e42721d0bdae 2313ff8e638a7fccef4b113e731802188076d2c4f70ce9587a51bab0142ea1d46217f9d5e58b83a7d48fdc218b216817
CLIENT_TRAFFIC_SECRET_0 74c31a30431427ce59fdf5ca3d8a2247a26a37f4a7791e0bcae5e42721d0bdae d3969b936a6548403203d903420eed37eaedee2031536f8a32a43a0f872a0533403d698bec764c16f98f42c8af26344f
SERVER_TRAFFIC_SECRET_0 74c31a30431427ce59fdf5ca3d8a2247a26a37f4a7791e0bcae5e42721d0bdae 0338013631af1101757c2a77f2e1c9a56edd4c6b67fa04010dea2dc6c9e8b15630abbbe35e6fc5b0603f24d88c68b511
EXPORTER_SECRET 74c31a30431427ce59fdf5ca3d8a2247a26a37f4a7791e0bcae5e42721d0bdae 86826bfbe0e231016ae2207ff5a7c7a9bbb061cf949ee6e4659390594e9a7b513568869ef3c2bec01321b1f582c54aeb
CLIENT_HANDSHAKE_TRAFFIC_SECRET 3d6763a89521804187ec27239957a4c5ee71bd0adfa2ab40301449febd1de860 64383daa594028326c6e236a61f4f0debbb78ab7d1c4364456315fddad8c3c48
SERVER_HANDSHAKE_TRAFFIC_SECRET 3d6763a89521804187ec27239957a4c5ee71bd0adfa2ab40301449febd1de860 10e533bde1c8f6473a349ad72c173ad4f1a7d69c8c985d89896b7c171170de55
CLIENT_TRAFFIC_SECRET_0 3d6763a89521804187ec27239957a4c5ee71bd0adfa2ab40301449febd1de860 becc9fdfe654360b148b6181c276ae8ff9da436aa634ae789746a810ab5450bc
SERVER_TRAFFIC_SECRET_0 3d6763a89521804187ec27239957a4c5ee71bd0adfa2ab40301449febd1de860 0704504bcb453144462d73399b74e284bd960887b758ab5c65a3e03f46e2fc74
EXPORTER_SECRET 3d6763a89521804187ec27239957a4c5ee71bd0adfa2ab40301449febd1de860 681a4db52c5b0bf1d9525dbe8cf37610f536066feaf8ddc4e171de88f8895f5f
CLIENT_HANDSHAKE_TRAFFIC_SECRET 1bfbd6f152cbca8fea3619ae52788a6ae2a46d54fc2db55a7448d9b9b80583e3 ae15502e29258e3eafed006b3a2fbbf8dcbf28b85b2bd760bea34eee7b51bfb8
SERVER_HANDSHAKE_TRAFFIC_SECRET 1bfbd6f152cbca8fea3619ae52788a6ae2a46d54fc2db55a7448d9b9b80583e3 873bb5ada4004074dfbbc9f2da27d43ee7e57ed74891d00ec84a400932c51984
CLIENT_TRAFFIC_SECRET_0 1bfbd6f152cbca8fea3619ae52788a6ae2a46d54fc2db55a7448d9b9b80583e3 cc0f6d80b458c4dce9a0222974d9fdfcd4e0409d4841fc39cce93d2940540965
SERVER_TRAFFIC_SECRET_0 1bfbd6f152cbca8fea3619ae52788a6ae2a46d54fc2db55a7448d9b9b80583e3 8319550df3b36bab96ab1cd57c1cea959e11c10f98ae1aaaf406a40688fe9499
EXPORTER_SECRET 1bfbd6f152cbca8fea3619ae52788a6ae2a46d54fc2db55a7448d9b9b80583e3 c8873ac7a71eca98fb7106ce347370794f88f7587c50ab9993378142b6fc65f9
CLIENT_HANDSHAKE_TRAFFIC_SECRET a7f211cbf094e78d901d77caf5bfd3e575c57056394adc755412552596c36821 c49045a3fe22d20b4ccf523eb9546f074ea3c333177439e037dd857d33d871c3
SERVER_HANDSHAKE_TRAFFIC_SECRET a7f211cbf094e78d901d77caf5bfd3e575c57056394adc755412552596c36821 4b659c5828e79f8ac41dec33c9383d00bc6c6e7e4915a1f7b7bdecdba00432c7
CLIENT_TRAFFIC_SECRET_0 a7f211cbf094e78d901d77caf5bfd3e575c57056394adc755412552596c36821 b665e37a259b05bea3a75aaea43494dafb5ab48ba23916ffac400c89466f293f
SERVER_TRAFFIC_SECRET_0 a7f211cbf094e78d901d77caf5bfd3e575c57056394adc755412552596c36821 285ee59b56933055554e6b550660b7fad98274c7304133e298f59332b9c2bde9
EXPORTER_SECRET a7f211cbf094e78d901d77caf5bfd3e575c57056394adc755412552596c36821 160256e8bb6aa8a12ec2d82581d62ee15a110e15b226307884266932c284551b
CLIENT_HANDSHAKE_TRAFFIC_SECRET 7dcb7a021485232d21997171aa94db667d02dd44c392125953e69057b77e9b2d 4d00623745cc4e1e432e6e7b897a12a9503207262f5565b0cbb4e4fb98a1cfe1
SERVER_HANDSHAKE_TRAFFIC_SECRET 7dcb7a021485232d21997171aa94db667d02dd44c392125953e69057b77e9b2d 265ba32159046aac77e7c4eb881e49234f9c49ab63adccd66d19ff38fd3e13f3
CLIENT_TRAFFIC_SECRET_0 7dcb7a021485232d21997171aa94db667d02dd44c392125953e69057b77e9b2d 4ad56afd5c7165b59c3045eb14c655cfcd4e7a787d4c4e7dbd6916a536956a61
SERVER_TRAFFIC_SECRET_0 7dcb7a021485232d21997171aa94db667d02dd44c392125953e69057b77e9b2d f0c03adabfa0317f71e31eb6a9ef0fcf8f3d69286639fc505587759ce904687f
EXPORTER_SECRET 7dcb7a021485232d21997171aa94db667d02dd44c392125953e69057b77e9b2d 5820a3ee296c3e07b9a4a6016cc8e72b1821670854ed8ad9ac6d23bf4d1eec70
CLIENT_HANDSHAKE_TRAFFIC_SECRET ce96d75f51c55f3a694bdda8f0ceb1e210648008b16b1d3cbddb84e742a0a6b0 b175da16547a630d0681e59fc3bb444f55e6c3d23dbd654508ed7ed3adeddbbd
SERVER_HANDSHAKE_TRAFFIC_SECRET ce96d75f51c55f3a694bdda8f0ceb1e210648008b16b1d3cbddb84e742a0a6b0 cbd381b587e8903e35b3a00f41c0da4fbcfa2f11e82bb2e1a4f512f9ee5d97da
CLIENT_TRAFFIC_SECRET_0 ce96d75f51c55f3a694bdda8f0ceb1e210648008b16b1d3cbddb84e742a0a6b0 aa801765eada203635649b6d039c402143bb1200621e9c0756534fe5de292b63
SERVER_TRAFFIC_SECRET_0 ce96d75f51c55f3a694bdda8f0ceb1e210648008b16b1d3cbddb84e742a0a6b0 679ffd47ff3cc67bbed6af391e087dd6b5a5242d77c8b2da0568d98533c3a096
EXPORTER_SECRET ce96d75f51c55f3a694bdda8f0ceb1e210648008b16b1d3cbddb84e742a0a6b0 3b01453ba97f5511f10b6a2d9cdc9257163e1408ed6005fec768e33770a7a7a1
CLIENT_HANDSHAKE_TRAFFIC_SECRET d19cb5ea9453d269f00eb52547d08b70648d00ee3a512fb08705ead4fa6bd9d7 25d4b14be18088e301fae88d337dec876b0a1ee03093fbccfe2faec81f84b3b3
SERVER_HANDSHAKE_TRAFFIC_SECRET d19cb5ea9453d269f00eb52547d08b70648d00ee3a512fb08705ead4fa6bd9d7 9986996f7b302f57fa65d2d3f8054954f7279b4e44b09c9a3d91cfd0bd0c17a2
CLIENT_TRAFFIC_SECRET_0 d19cb5ea9453d269f00eb52547d08b70648d00ee3a512fb08705ead4fa6bd9d7 cd90578dbae43f2fc7c46fe7f882c0c2d3882f2fcedea1a4752078a281ed96ac
SERVER_TRAFFIC_SECRET_0 d19cb5ea9453d269f00eb52547d08b70648d00ee3a512fb08705ead4fa6bd9d7 40afd364fe31f9d53937e51f4a2e0a9dce8e46e0543e6ea5d61a6df31d25ea57
EXPORTER_SECRET d19cb5ea9453d269f00eb52547d08b70648d00ee3a512fb08705ead4fa6bd9d7 36431f9c3d3d1357c563905f7af8df7b17735aef71016cb0ed3c295bf23b642d
CLIENT_HANDSHAKE_TRAFFIC_SECRET 287ea818fca0d059023a9a826a290884ff2d4be7054f2fd70b931d141dd92597 b765222b29eb920c10a57743d8ba5a249a4dc252d6315d516a4d6df5ce4f8a68
SERVER_HANDSHAKE_TRAFFIC_SECRET 287ea818fca0d059023a9a826a290884ff2d4be7054f2fd70b931d141dd92597 c147fecc05f19c6e053bc5ee5426d0cb18730331c5019e2e5bc1909e9f788c9c
CLIENT_TRAFFIC_SECRET_0 287ea818fca0d059023a9a826a290884ff2d4be7054f2fd70b931d141dd92597 8282040331679fe40f7b63ed4cd9c411ed49b43654db067ac0481d3b4a5f6d6d
SERVER_TRAFFIC_SECRET_0 287ea818fca0d059023a9a826a290884ff2d4be7054f2fd70b931d141dd92597 1ffbd2d258271301490af9411db30b3444d30cefa3a9029f36c58de3b554b11c
EXPORTER_SECRET 287ea818fca0d059023a9a826a290884ff2d4be7054f2fd70b931d141dd92597 4d41f5b6f821bf0695b0f8e24cc99715529cc7e9c681f74a7e41046e0452f24a
CLIENT_HANDSHAKE_TRAFFIC_SECRET 47b16126cca061765e30c799573379f19b9c00ff0251344b690a6a898a38aaee 485de8e20e0e3d1f9f1729fea5f511af5e05d20da87b5d4e4fdd4a64752abbd9d389831f53f2f7a7427147b007db3bef
SERVER_HANDSHAKE_TRAFFIC_SECRET 47b16126cca061765e30c799573379f19b9c00ff0251344b690a6a898a38aaee fb63bebcf3ae889d63f789d4c5fbbd37e5b53667ce62f0616530cbb098d36687cad4ec1f5d73a43f74087310d625965c
CLIENT_TRAFFIC_SECRET_0 47b16126cca061765e30c799573379f19b9c00ff0251344b690a6a898a38aaee da26eb454db1004dbb4621ddf88d3930dc4914888a73fe7bde32f7d5d96bb3f4d8edfafac6fbb1338561372969617838
SERVER_TRAFFIC_SECRET_0 47b16126cca061765e30c799573379f19b9c00ff0251344b690a6a898a38aaee 8bb81afcce8be3247cd187738d830eb916ea34ec522d33f31c9a28326a8e89c94e9ad13a3705a72b18457c23faea03b7
EXPORTER_SECRET 47b16126cca061765e30c799573379f19b9c00ff0251344b690a6a898a38aaee b0b9f423a131c6471f7c0a5345bf120ded17ce16273d27a4c96be2e75805b7d82dc81427fcc66226d4997a4472b83c28
CLIENT_HANDSHAKE_TRAFFIC_SECRET a7fcca3a5452d9f82590c6c6bea29a3d3f26cd88f837c9f179099dda6f07d6b7 2a67fc916126ac1ceffd0652068fdbdc0342190db00efbfe9e85aa85d8475607
SERVER_HANDSHAKE_TRAFFIC_SECRET a7fcca3a5452d9f82590c6c6bea29a3d3f26cd88f837c9f179099dda6f07d6b7 e4ece9ed69bd88ebb93cd983b946f89f359d8c28bcda0c780dd16358c2c4f1b6
CLIENT_HANDSHAKE_TRAFFIC_SECRET ae75965411c900100bdf565887e17a70e6a4968ff9b0211390094690a96e3180 64ef5e09f926e031d0ae58833f6dec4baaf59ffd70bfc9dffaaba3c2fe1c0330
SERVER_HANDSHAKE_TRAFFIC_SECRET ae75965411c900100bdf565887e17a70e6a4968ff9b0211390094690a96e3180 fc73a5cc25763291f546e75d13a4d70cd740c735a50bb86ea5d110e3fad5ff88
CLIENT_TRAFFIC_SECRET_0 a7fcca3a5452d9f82590c6c6bea29a3d3f26cd88f837c9f179099dda6f07d6b7 de403d1c5bd7a36cea3b1a239b8bb7b903c4247c9f8c0ee03bc83e41af389350
SERVER_TRAFFIC_SECRET_0 a7fcca3a5452d9f82590c6c6bea29a3d3f26cd88f837c9f179099dda6f07d6b7 c369bc89efa5c73a9b563302c58c202d796575a1582275fe2ad83cba7d4f7ab0
EXPORTER_SECRET a7fcca3a5452d9f82590c6c6bea29a3d3f26cd88f837c9f179099dda6f07d6b7 f2e10d20bbae3056cfd33f88f881c728effbaa1a474a6a17396b4afcc561157c
CLIENT_TRAFFIC_SECRET_0 ae75965411c900100bdf565887e17a70e6a4968ff9b0211390094690a96e3180 1d5e9522e9fa8c5a4be0697324107f250afa640db9700fbe176560d9fb819237
SERVER_TRAFFIC_SECRET_0 ae75965411c900100bdf565887e17a70e6a4968ff9b0211390094690a96e3180 1d1a48204e8131a503244c3b182321488c71f33f32a3f05be12008677eed0b50
EXPORTER_SECRET ae75965411c900100bdf565887e17a70e6a4968ff9b0211390094690a96e3180 18801f925d5fd1c37adfb873bd3d7b0b4c92b2c386d8838bbff770ebfbdaea43
CLIENT_HANDSHAKE_TRAFFIC_SECRET 2d0a4c7c50d757cb077f02c816932f965a7476d2b0bd230e743c0904d6ffc1f3 d6bc2292028f7dad6a21317334ff9a8d0eb05863cd720c3b9bc8d869ce030e651acb80881ce45a8f0c878bcea4f12d11
SERVER_HANDSHAKE_TRAFFIC_SECRET 2d0a4c7c50d757cb077f02c816932f965a7476d2b0bd230e743c0904d6ffc1f3 f4a999e076f1c2da74fdb8981c637d323372acd0790b3312e0062d0b4db441b43a97a0793869dc78b83184759cfc7831
CLIENT_TRAFFIC_SECRET_0 2d0a4c7c50d757cb077f02c816932f965a7476d2b0bd230e743c0904d6ffc1f3 6dbef28e9f1bdfe843314a6bf7c026065658accace128f1658ffe616f5e7d186fcbbbc69f9ccd20ff48c5ba4d8990abb
SERVER_TRAFFIC_SECRET_0 2d0a4c7c50d757cb077f02c816932f965a7476d2b0bd230e743c0904d6ffc1f3 c09675ee1c41b52766a1b39e7a3feeed5bd1e3b42e8a90ee7f41bc67ed15e292746f7799bdefd0763f9cd337df332c3d
EXPORTER_SECRET 2d0a4c7c50d757cb077f02c816932f965a7476d2b0bd230e743c0904d6ffc1f3 b1d78d2cd03225307de6bf5282e58dfc76d737dc342608e42f984d3ea33e3ce4a6c2318c2072a979baf06823c6e7e155
CLIENT_HANDSHAKE_TRAFFIC_SECRET 50121ac1319e916b7a49e374f3ee9b73131d2134fa24dc4e461cf6fb5959ef6f b7027e8c1ab9ea1ee1e9f51d54be77a4c309baf724d266e057edb87e7c101085e4603ba90b269b34218c1c2a569a2b9c
SERVER_HANDSHAKE_TRAFFIC_SECRET 50121ac1319e916b7a49e374f3ee9b73131d2134fa24dc4e461cf6fb5959ef6f 438529686ef0aecc9a86ebe32cbc16911b95b9eb6f9935b88980175e891909d7d57b5e70c0ce0ced42128e2defda0515
CLIENT_TRAFFIC_SECRET_0 50121ac1319e916b7a49e374f3ee9b73131d2134fa24dc4e461cf6fb5959ef6f 624233ea287c75f3e5096aba731d0012ccd6f174ec2c876078f2bc25d9a7c4f4b768409b372abcea5efe300c2ae8afdb
SERVER_TRAFFIC_SECRET_0 50121ac1319e916b7a49e374f3ee9b73131d2134fa24dc4e461cf6fb5959ef6f 252e6e71ba9949bb8356c395c13a1e038d378fcb37c80fd0fd0eae317aad9943abf5907436b112b83efdeefe4d5427f0
EXPORTER_SECRET 50121ac1319e916b7a49e374f3ee9b73131d2134fa24dc4e461cf6fb5959ef6f 2b8c930bffb062a80748b863d7ee4b0da96a2132bbfc4156530fd45ec8b78edc970f8a6040cefd90f6d558c56f37d45a
CLIENT_HANDSHAKE_TRAFFIC_SECRET a84c16f3efadef4c272f01fd46b77ca68fbd4dac1e50cdc6c528ed4685e76e20 0d8087684cddf98dd4ed39026b713048788d7e353a30364212d055a13d07e129
SERVER_HANDSHAKE_TRAFFIC_SECRET a84c16f3efadef4c272f01fd46b77ca68fbd4dac1e50cdc6c528ed4685e76e20 730a92b7fd73a9e7f2ec988aa5108088aea6543927f11b38184d23b8149eb533
CLIENT_TRAFFIC_SECRET_0 a84c16f3efadef4c272f01fd46b77ca68fbd4dac1e50cdc6c528ed4685e76e20 797718a4f2550ce3057db13b5f0cf9d6e341d290d949cb2c2c962a02508ab11d
SERVER_TRAFFIC_SECRET_0 a84c16f3efadef4c272f01fd46b77ca68fbd4dac1e50cdc6c528ed4685e76e20 d5f8ae3f44f1a8e628bf652c3ba25d0bb560c59a77f7f4daf128b6631c41b0e4
EXPORTER_SECRET a84c16f3efadef4c272f01fd46b77ca68fbd4dac1e50cdc6c528ed4685e76e20 02b9ee26833ee958596ebb642a8f6916e3597a8d399fd789543c02ab32826479
CLIENT_HANDSHAKE_TRAFFIC_SECRET d6e23ea14c8144f4fc8bb08dc5e87af57f901cd7a264a4ac4a420161254190ba ef5d851e3f4ddafb51836c1f30b60088f357d41c7870a0d4b3c85a7c32feecf4
SERVER_HANDSHAKE_TRAFFIC_SECRET d6e23ea14c8144f4fc8bb08dc5e87af57f901cd7a264a4ac4a420161254190ba 88362222b099b297ec589b1dd8bfaadc2f90898a94b12b8f320187debd0e2cd6
CLIENT_TRAFFIC_SECRET_0 d6e23ea14c8144f4fc8bb08dc5e87af57f901cd7a264a4ac4a420161254190ba 3df91ae6e757e60e6cef45c0508a55e7ffb97a9193676362d69f65ddce2c7616
SERVER_TRAFFIC_SECRET_0 d6e23ea14c8144f4fc8bb08dc5e87af57f901cd7a264a4ac4a420161254190ba 6f0f25eb2f9f9322c2fc5043523e97c257491248bdfa1b0bdf39aa775bbcd20e
EXPORTER_SECRET d6e23ea14c8144f4fc8bb08dc5e87af57f901cd7a264a4ac4a420161254190ba 99e5c933b639a890590dbdb2233f0b2a952f915db42021928fa39c63fab0d746
CLIENT_RANDOM 3a042b5e66d4960ccbf54265aa4f4dc805c4d8b896615b17a30816f1b62f7de7 d46aa3f8022951f0034ad4e965c4bc954390388297cca192f554cf371cd79a0ed6af86a2d4495c0ca1166e7fca448aca
CLIENT_RANDOM 85ff61d0dda8c5b5ce40c176a3b6ab11346536f9a8dc5ef7582ea0caa957c8f8 fddccbe16fa9427cd403c938f5dcd250d3f94f5ee4121eb131034caebb05242aabc5722f858e61bed1891538bb5b4f8d
CLIENT_HANDSHAKE_TRAFFIC_SECRET b6aea5b85c1de271de74a1e594d5bc0012589e4fb51de79d6ae083719f07c06b f275e4dc099433a260de3dc2f0cfa206d83cce8a4b488970c2e72e8396f3a940d2fe14b27f697a46092dc851021a8d24
SERVER_HANDSHAKE_TRAFFIC_SECRET b6aea5b85c1de271de74a1e594d5bc0012589e4fb51de79d6ae083719f07c06b 0b58e433ce8df6ff9b79ed3181f6bf3461bb6740ead40085b31159bb911adc9c4962c4ec516804d06fc83922a9875420
CLIENT_TRAFFIC_SECRET_0 b6aea5b85c1de271de74a1e594d5bc0012589e4fb51de79d6ae083719f07c06b 9f4b2df1017bbd2a8e3d3f84428e8412f505d8ca0a440f7b2a75c3a1501c81d17a5574c2088499528e57ef8e88566693
SERVER_TRAFFIC_SECRET_0 b6aea5b85c1de271de74a1e594d5bc0012589e4fb51de79d6ae083719f07c06b 275bb1a4fbe2d706dcc628dfdf6b6c71ad860640156be9cefa4bb4d5e4aefb1dc5acd4d55123ab6643f16ac7e5d68bc6
EXPORTER_SECRET b6aea5b85c1de271de74a1e594d5bc0012589e4fb51de79d6ae083719f07c06b 4c767660f005dc93bd2821a994e31cf25c3a47c44ba9662681c8ff2842b68dfc1efd6454a37b25effa33a7eaf87c39d3
CLIENT_RANDOM c9f3f8372943d452a619533cdc436910bd65689da262d431166e65f41a40bdf9 fddccbe16fa9427cd403c938f5dcd250d3f94f5ee4121eb131034caebb05242aabc5722f858e61bed1891538bb5b4f8d
CLIENT_RANDOM 4b5f61a89eabffe4377d72cce1667cb85f73ed84389fffa4e75f286f23ae26cf fddccbe16fa9427cd403c938f5dcd250d3f94f5ee4121eb131034caebb05242aabc5722f858e61bed1891538bb5b4f8d
CLIENT_RANDOM 62f82cc865bd6716a1692c489fd452698ae1d347ee0e5f6bba51c20d3b05415a fddccbe16fa9427cd403c938f5dcd250d3f94f5ee4121eb131034caebb05242aabc5722f858e61bed1891538bb5b4f8d
CLIENT_HANDSHAKE_TRAFFIC_SECRET e430dd56850662e287194ada385921ee8872a696ab88dea0a7d2bc1cfab6ac15 4b0d3d606b7be565520bc525847e7cf32e0e04706f5def5b02f5c0237e47f1be1baef2d2318c321f81b66ab17b2b6a51
SERVER_HANDSHAKE_TRAFFIC_SECRET e430dd56850662e287194ada385921ee8872a696ab88dea0a7d2bc1cfab6ac15 dea1aea1a8979c9590e21f99fd18620cd08c02c6356ec7f726195585e70a96ec483a99f8037ac89e3e0ed7c35f4a3ae7
CLIENT_TRAFFIC_SECRET_0 e430dd56850662e287194ada385921ee8872a696ab88dea0a7d2bc1cfab6ac15 e9a738de7421b208d4b289962e1d00cb3876746ac73eb46127f06fa8a868c30f2995b8e7de46a6aaaf261c9334671206
SERVER_TRAFFIC_SECRET_0 e430dd56850662e287194ada385921ee8872a696ab88dea0a7d2bc1cfab6ac15 c7b16a84eca3a8831ae45adbd1c204ab637fa22b27bbbf35543c590c50729cd5227018726efd5ec2b7dc3f1b6fd8fbe9
EXPORTER_SECRET e430dd56850662e287194ada385921ee8872a696ab88dea0a7d2bc1cfab6ac15 069e535c2e7043aed193f97dd507714da742fba666adb2d48727004493870bb956fe251349f2c376a24148266d697b2b
CLIENT_HANDSHAKE_TRAFFIC_SECRET d5a6e351631ed0fd6467e57a6232a424e511ec9278e1f6d4be44d1bd9a286c6e 89e5f5133d3d578374582a46669e27775f4bfe3d5eff307d522ffb1a34c288fe05fa01effcc1cde844c7bbfd3f4bde0c
SERVER_HANDSHAKE_TRAFFIC_SECRET d5a6e351631ed0fd6467e57a6232a424e511ec9278e1f6d4be44d1bd9a286c6e 72e51d5922ef6eaa266f0e75cf2e4e0cd2a92c21d667c8b50b02d53e5c09c51dafe233e195521979d160c691639f3035
CLIENT_TRAFFIC_SECRET_0 d5a6e351631ed0fd6467e57a6232a424e511ec9278e1f6d4be44d1bd9a286c6e 298d03f0d89fee3c7deef84d94daa493b5b9551ea58eaca7a4e612e39176420ed71c3bf05f49c92094c3baa87ab2a720
SERVER_TRAFFIC_SECRET_0 d5a6e351631ed0fd6467e57a6232a424e511ec9278e1f6d4be44d1bd9a286c6e 57e293a92d6957e98d19f48c2c28b5967ac08e07792e5b0e8b0ed37f5ac57778a2a2651a1274ad6fe634622a3440de87
EXPORTER_SECRET d5a6e351631ed0fd6467e57a6232a424e511ec9278e1f6d4be44d1bd9a286c6e ea6d7d28b26c86c3f81023d20e627791b7cfd9a0c1616f56817009352e3dca45e2dfd6f4d97fbb82c8fd1863469c7b5f
CLIENT_HANDSHAKE_TRAFFIC_SECRET 251eca66f80a19956517e87b6bd396ee016fe1710cfb3a93fc3edd1c360b03bf 161c61271c865985bf590bfda181009828d96cba2b41d8d8c3e2c0cd4fdfc494c2269eb8861d1aeddb1131a6b44f5591
SERVER_HANDSHAKE_TRAFFIC_SECRET 251eca66f80a19956517e87b6bd396ee016fe1710cfb3a93fc3edd1c360b03bf 0dd376c15989377bd18b986776e35101e21dcee3410de4d3699f4128778ef214ece25886efb8dadf2c5f5930f99b4ed2
CLIENT_TRAFFIC_SECRET_0 251eca66f80a19956517e87b6bd396ee016fe1710cfb3a93fc3edd1c360b03bf b9f6eb98d2e8bd21dcbdac12693d1830b68aacd7ca73ec6bfb51e23e0a96d2791ccddbe088aa55bc5b990ea916e04314
SERVER_TRAFFIC_SECRET_0 251eca66f80a19956517e87b6bd396ee016fe1710cfb3a93fc3edd1c360b03bf 76483d0311d364a84dab8b458ae1100c1040e36a0bbe8ef5acff54bca435039a5a11b192834da5e32f7fc4cb11628858
EXPORTER_SECRET 251eca66f80a19956517e87b6bd396ee016fe1710cfb3a93fc3edd1c360b03bf b124e027ae706e29243c75e2f78b817e05f1c6db19e33cab3f49b5aeb253dd58d34583f6f5bd34a63f14fca21f8a2a40
CLIENT_RANDOM de77e6208196bb770b1a18f2d8e8b622b2cec408c9d91bf528d9f8e116f3bf8a 8b22a133e2f536527d1a9e0462271d68e02edd570c800f13649662b644367d6a4796dc2905ae3d64b5b442a9ed2e6bfc
CLIENT_RANDOM 9069057bca3a1cf0cc1b57db5dbcbdf7347b096455d4ef5bbc1f424f994e456d cdfc695369ec96082805ed2ac68c5dbc67461c54cc455a852287f248a0bb958c0ad770c0daefa72f9493c3e6f13e40a3
CLIENT_RANDOM e977e9afabecac163a9fcc24457fe13bff5206372c2c267fd9fc88bfe862f9a1 fb0b2eaf6333d3efbaef8a50a9a15c8e81ea0fdbaff50410d8ad35cde00e70588c5c383f788b14285f5c0c3bfc0db282
CLIENT_RANDOM ffd5aaa34f66a52b0669a98a7408f098b9283e44ef5f3f087cdecaf3871f4969 4ddeb6113405834be474b57dd2ae7139560c944d59be3bbf6af39f7e2d5bc374644b6f5ed8cc6d25a304adc22c69e311
CLIENT_RANDOM 1766f8c413f0845120e48b5c0fa2ab67599cb4f3084002fbc0aea28683c799ce 8b22a133e2f536527d1a9e0462271d68e02edd570c800f13649662b644367d6a4796dc2905ae3d64b5b442a9ed2e6bfc
CLIENT_HANDSHAKE_TRAFFIC_SECRET 55a371b08100cc6a00d4e351c4507dbab5ddbeac658b53561e4a766b49def32a 6f2546ba7a43d1163772726936371ec233ab6a90a179925cfe7a110d4f4f588d824e00ae7ddcfa56b5dcfc3855aeaa59
SERVER_HANDSHAKE_TRAFFIC_SECRET 55a371b08100cc6a00d4e351c4507dbab5ddbeac658b53561e4a766b49def32a b6cc23ea347c673baa60908dde59b1b58516c564e51cc41520082fa4b49468c515ef7713bb09d98d72ad0fc01bcf0ca9
CLIENT_TRAFFIC_SECRET_0 55a371b08100cc6a00d4e351c4507dbab5ddbeac658b53561e4a766b49def32a 5f0942329cc6fa8578b3d9f00e78eb0e149f6b18df76064df585206ce66ce467bed4cdce5286c7af1ef93f564b20e6ac
SERVER_TRAFFIC_SECRET_0 55a371b08100cc6a00d4e351c4507dbab5ddbeac658b53561e4a766b49def32a 2e20c1439c45d9c19e4e84469f73c3a229ca39039fb6a9ad5e3acd97950c5fdc88e934337f1b46916b79564a677da85b
EXPORTER_SECRET 55a371b08100cc6a00d4e351c4507dbab5ddbeac658b53561e4a766b49def32a 24eb683f3ac68a7453f4538e44f1254058486cc384f2115fa1c0f7170d90d5fe2b4abd765c52c378549fb8d977bdf5da
CLIENT_HANDSHAKE_TRAFFIC_SECRET 61da4ec1115ade7f89ad983adaee80806985104c661e451fa8f82f89a425d925 d3034bec3f28a6edc48e53e9a5a4baf13bdd1fd9a26b73c736c30066047af3bc
SERVER_HANDSHAKE_TRAFFIC_SECRET 61da4ec1115ade7f89ad983adaee80806985104c661e451fa8f82f89a425d925 26812337ff8c83377c3e980f04316015743c781fd9367d6b36b87d0861f0125c
CLIENT_TRAFFIC_SECRET_0 61da4ec1115ade7f89ad983adaee80806985104c661e451fa8f82f89a425d925 661bde6b8a1a05a8ec0e4316736a24f93b97888babf2b219c15f366069dbcbfe
SERVER_TRAFFIC_SECRET_0 61da4ec1115ade7f89ad983adaee80806985104c661e451fa8f82f89a425d925 bab2096f61e585f842a3ed040b58410f2fe812ca05f82e3eceeef76b77ae75ce
EXPORTER_SECRET 61da4ec1115ade7f89ad983adaee80806985104c661e451fa8f82f89a425d925 1e34f491af96b2bfae4c556ae223644e531ac880e5f8996c16f8736e208255eb
CLIENT_HANDSHAKE_TRAFFIC_SECRET f19ff1bf7a85c0a278963ac99983a32430412d748141a7d414af9cbd3d3970dc 99d89e78b18a0e74e26dc74d5beb09f94f2211b0c16af77ff84382f3f22f3a8ee639b66499332c524e60145da42ea21b
SERVER_HANDSHAKE_TRAFFIC_SECRET f19ff1bf7a85c0a278963ac99983a32430412d748141a7d414af9cbd3d3970dc f2d9aad341317ffe7ca2f8af19c07fa5ebefb0afff92804a7b1cc5fb10468881201b94b62d7ec9493b081b5b8ac7f346
CLIENT_TRAFFIC_SECRET_0 f19ff1bf7a85c0a278963ac99983a32430412d748141a7d414af9cbd3d3970dc 3c29067a9de8f147ea5c048d38e82955361a3588ef220076deefd5e05be02b220367b9395cf95e4a13f4a458750ef5aa
SERVER_TRAFFIC_SECRET_0 f19ff1bf7a85c0a278963ac99983a32430412d748141a7d414af9cbd3d3970dc 2112b6ff23388c3fc2487c6502cd25ced2a25c1871d8b36e9a60021905287b7230038ace961584a54fbdec9c9ff39d9d
EXPORTER_SECRET f19ff1bf7a85c0a278963ac99983a32430412d748141a7d414af9cbd3d3970dc 8f43a22791398ef9fd7df28097e46afeba8c2bd06e5735297bfdcef4475d752706db3f86e621f82ae9d8b19950fe0be2
CLIENT_RANDOM 186f7933e0902f01208d6c378009d37f1cf73903abab4e81a45691093b19a319 73b74ff0c9e1f8186b22c1a26f379c35da9b0b4ff85d489af7feef3a8679748a255c6f6cf47a12c0e72c6e544ac40ce5
CLIENT_RANDOM 182ac13fcc9e75f827b2d38c850b0a02793ffcd579fb27a47d930e514c06058c 8b22a133e2f536527d1a9e0462271d68e02edd570c800f13649662b644367d6a4796dc2905ae3d64b5b442a9ed2e6bfc
CLIENT_RANDOM e81ff5358406095ef3d551c02aaf1d199759a2bc0ed443e49b5f36938ac656a9 8b22a133e2f536527d1a9e0462271d68e02edd570c800f13649662b644367d6a4796dc2905ae3d64b5b442a9ed2e6bfc
CLIENT_RANDOM fd9c2d4c0182cf2c94e9fc03814d1f32296facebf9b7a2c69706d07e2a63414a 009eae0d1c4852b9baa921ad4e960313b89b3bdeb13da79d5058d8e8480731c9c5682274e13dc3b8e226954faf99cfed
CLIENT_HANDSHAKE_TRAFFIC_SECRET 5480d6fc594241ada5854bd543fad5e11e80206d400ea755bbd2b1975063322d b0e1103bd63367e79da98db2e053a48074aeed5f40ac909c4d6d31ad55362b620d93dc0be8d01c4c6103ad20cfec5ce3
SERVER_HANDSHAKE_TRAFFIC_SECRET 5480d6fc594241ada5854bd543fad5e11e80206d400ea755bbd2b1975063322d 7cfe925d2b2d9e7fb38433d3516a8f3e1807716e61ae66e622aaaa9ed4f8d79c9f9275aef00911135461ad9512a67b09
CLIENT_TRAFFIC_SECRET_0 5480d6fc594241ada5854bd543fad5e11e80206d400ea755bbd2b1975063322d 5a8fe9f2569871f95cadb016f2e6271ae704bd57ebbd3060dfa661062e72a092e832047d3abf3d19a6a0bc9a893afdbc
SERVER_TRAFFIC_SECRET_0 5480d6fc594241ada5854bd543fad5e11e80206d400ea755bbd2b1975063322d f1fef2d692ff5f909794305c71e1502fb711cc49ba7d0ab36edc0ebe64a29b6146b0ae3b41ad069ec6ca50eacff089b5
EXPORTER_SECRET 5480d6fc594241ada5854bd543fad5e11e80206d400ea755bbd2b1975063322d 1a04c6504b3d2bd8e914995fc8df613be5198025d16f7fe2b22945dfea9cb0e181567faa0c1b73fcb945d76be680fb83
CLIENT_HANDSHAKE_TRAFFIC_SECRET 86265f774d16987c41948a71a6b0e8553929830d1137164f2ed914aa465d5ccc a740310d35912ea0f6adef18845b9b9681f980f8471cb8091c63cc2cf6d2baa78e345d1867ceddb068196822294dd44b
SERVER_HANDSHAKE_TRAFFIC_SECRET 86265f774d16987c41948a71a6b0e8553929830d1137164f2ed914aa465d5ccc 5c6b3d95fe1c71a556cb0b06ce37542696aaade9b9119b2cd392eb2e19e2df0cb4cf51b2808aebb697b86ae438383781
CLIENT_TRAFFIC_SECRET_0 86265f774d16987c41948a71a6b0e8553929830d1137164f2ed914aa465d5ccc c2016aac60a6ca313a3b69f1ae55ed3c0cfb37de1a079050800eefd1d485079564eec5676a300a07484ec801c0aca432
SERVER_TRAFFIC_SECRET_0 86265f774d16987c41948a71a6b0e8553929830d1137164f2ed914aa465d5ccc 318194e8e22effdfaad32dd4d481186646fdfa3a64b9105e72b678edd2a81014b41e62b465d133733a0efb5defcc07fc
EXPORTER_SECRET 86265f774d16987c41948a71a6b0e8553929830d1137164f2ed914aa465d5ccc 91254962925eb6c77bc05de047395f379799e8ca209b7675c2f1988891031e83d2a9d35ac6f13d359e8e2ba4745b9e34
CLIENT_HANDSHAKE_TRAFFIC_SECRET 5236de9975f7cf8f9418939d8a90b653b0f56d73d57587e9c207b61ed1df4d2e c900802e8e064bc4320526e9ba47ca13436a5357f8d505490b526536d714e85e
SERVER_HANDSHAKE_TRAFFIC_SECRET 5236de9975f7cf8f9418939d8a90b653b0f56d73d57587e9c207b61ed1df4d2e 967e96b960b4947abf144434d89ff50b1bef253e13847db4f1ee9706a78b926b
CLIENT_TRAFFIC_SECRET_0 5236de9975f7cf8f9418939d8a90b653b0f56d73d57587e9c207b61ed1df4d2e c78b0c62e8495580b6d240b7af78cd04a350379223ba0d6068a5dd08be591ad0
SERVER_TRAFFIC_SECRET_0 5236de9975f7cf8f9418939d8a90b653b0f56d73d57587e9c207b61ed1df4d2e 63216531abfba5a22e239dd41c51a2ec3f1eb70261de08aa2f4f843dd10ac665
EXPORTER_SECRET 5236de9975f7cf8f9418939d8a90b653b0f56d73d57587e9c207b61ed1df4d2e 75e1eed9ee5cd6f48e0c3ce8b4fdfbc5df791c07f532510f1dc014852b9f8870
CLIENT_HANDSHAKE_TRAFFIC_SECRET 5fa19ef15998b0fe9f387a534bc50e17a5a2ed47c130527f739f5f4279f15be0 5564e29fa0786c3faf3c12fe26f11aea0c991f01680f4ece226385ab95b522af
SERVER_HANDSHAKE_TRAFFIC_SECRET 5fa19ef15998b0fe9f387a534bc50e17a5a2ed47c130527f739f5f4279f15be0 63b7cba02fc19249089d0dbbee2bcb0e37d0365e8f4e4864b120eac76d8b3104
CLIENT_TRAFFIC_SECRET_0 5fa19ef15998b0fe9f387a534bc50e17a5a2ed47c130527f739f5f4279f15be0 ac92493ff8a04f1387258a855133505068f744cd89de1c449cd24c611cb2c90a
SERVER_TRAFFIC_SECRET_0 5fa19ef15998b0fe9f387a534bc50e17a5a2ed47c130527f739f5f4279f15be0 dd27a6e9478ddf471c9d6f49429ff1200fa721f8bb0a5773471cf0cce892272e
EXPORTER_SECRET 5fa19ef15998b0fe9f387a534bc50e17a5a2ed47c130527f739f5f4279f15be0 0230c96e081dfcdae54a6ed329868d4e6e3c462345e5146da55404b7dbe9495e
CLIENT_HANDSHAKE_TRAFFIC_SECRET ee6c4c4f1203f7b665f4dcaacbe072c81504dc30df94d04cade76732f83843d9 a34305409eb1994202bbba8861169e97f4d78eb156d10fe00fd512364183fcf8
SERVER_HANDSHAKE_TRAFFIC_SECRET ee6c4c4f1203f7b665f4dcaacbe072c81504dc30df94d04cade76732f83843d9 8eee30d2b29927905066f1ad700ad57856b1b82cacff0e70d475fbbca77ffaa6
CLIENT_TRAFFIC_SECRET_0 ee6c4c4f1203f7b665f4dcaacbe072c81504dc30df94d04cade76732f83843d9 da87670dd68273d498b30b75457c279839c461690d80d77ccb3f741df76718cf
SERVER_TRAFFIC_SECRET_0 ee6c4c4f1203f7b665f4dcaacbe072c81504dc30df94d04cade76732f83843d9 de2834649e1910a7375fe212f0c0dfba5891395dac33e1e338d7ebd41c3f46df
EXPORTER_SECRET ee6c4c4f1203f7b665f4dcaacbe072c81504dc30df94d04cade76732f83843d9 a0cfad9999a4533d0fe8351d170b9c9396894ae937dc9e10f6d376281a5be60b
CLIENT_HANDSHAKE_TRAFFIC_SECRET c00868f395766e32cde14356ba8a4651541e516e67409f0e35262cfc50dc6c42 1aa59b2ece1ab6a906543f65552046b6102cac06d23e7558e7353153d8d36355
SERVER_HANDSHAKE_TRAFFIC_SECRET c00868f395766e32cde14356ba8a4651541e516e67409f0e35262cfc50dc6c42 59347069ef334165d77e536a736f2276e38ed2e747b80c9f14b52bc20b0d2f29
CLIENT_TRAFFIC_SECRET_0 c00868f395766e32cde14356ba8a4651541e516e67409f0e35262cfc50dc6c42 8c49c110b83cddfe5d0820e237a90745a4d8333f2a259ee760dfb97d452ba1c2
SERVER_TRAFFIC_SECRET_0 c00868f395766e32cde14356ba8a4651541e516e67409f0e35262cfc50dc6c42 b192955e7858e6b6945bcb76c71a29dfe92dd171c1c6e8bfa0052662ebb87f9d
EXPORTER_SECRET c00868f395766e32cde14356ba8a4651541e516e67409f0e35262cfc50dc6c42 9590b96e69b8992cd6cfc8ce0f147aae6cbe73391c23b2a2bd0d5a6b7f1d3a06
CLIENT_HANDSHAKE_TRAFFIC_SECRET 40c8c2d6797712a6dd178ddcf2f24fa112b02febbe7dd34cb7f8078ad8a2c7db 92033874672fdde8c18f2875a7d8e60a66fd0443eb6095366806bfd5f37818bc
SERVER_HANDSHAKE_TRAFFIC_SECRET 40c8c2d6797712a6dd178ddcf2f24fa112b02febbe7dd34cb7f8078ad8a2c7db 7e9156ced399aa5861cbdb3ca37af3b55be7fd1d3116bf5b6f72d27dbab0cb41
CLIENT_TRAFFIC_SECRET_0 40c8c2d6797712a6dd178ddcf2f24fa112b02febbe7dd34cb7f8078ad8a2c7db ae85570fdcb3bb9d1ddd38be4a04370f1437d5ad9e2407cc3aa11ef7be2e70b3
SERVER_TRAFFIC_SECRET_0 40c8c2d6797712a6dd178ddcf2f24fa112b02febbe7dd34cb7f8078ad8a2c7db 4fcb795080fe71d14ae3a955389e4af61d8e974fdc931fde5998e5811d5e84a2
EXPORTER_SECRET 40c8c2d6797712a6dd178ddcf2f24fa112b02febbe7dd34cb7f8078ad8a2c7db 7ba9d463ac6a79ec73397083825994a690df302fee39dd96715f380d613f0d77
CLIENT_HANDSHAKE_TRAFFIC_SECRET 39a8b6b64d13950a403a4a25cceebb1ffd4ad390162d45bf75cb8667062ecfd9 3c1fd72c273964c4573a383b665ebbba47503c2197478c9ab6704735264cb60b
SERVER_HANDSHAKE_TRAFFIC_SECRET 39a8b6b64d13950a403a4a25cceebb1ffd4ad390162d45bf75cb8667062ecfd9 52dafdc539f5c1f9f892535217092914bbb0ff8ff9da09e503de34d3771aad42
CLIENT_TRAFFIC_SECRET_0 39a8b6b64d13950a403a4a25cceebb1ffd4ad390162d45bf75cb8667062ecfd9 28ecc14bbe400a6698b3cb001d5292c720d357c9a8b8f7ae8cc9e1bbcab3fd33
SERVER_TRAFFIC_SECRET_0 39a8b6b64d13950a403a4a25cceebb1ffd4ad390162d45bf75cb8667062ecfd9 cbb71bc90c66b29563d6c69ea85bc410eb794262ab655f6cba750d358c1e4bca
EXPORTER_SECRET 39a8b6b64d13950a403a4a25cceebb1ffd4ad390162d45bf75cb8667062ecfd9 5fdaa8747177f3b563254e7537f7fe0a0fb6aceb20b175ebbeb1e41d53d9dc38
CLIENT_HANDSHAKE_TRAFFIC_SECRET cc6a420f18c1d876f521bcd32be6ed88da126c4727fe5fc84d24dda1a7109eff a4836b8604ff146b35896219a649d7b94b28084e614ef2b359be88c4f4fe400b4b7a200b55fd85211230b6001f6bf0a1
SERVER_HANDSHAKE_TRAFFIC_SECRET cc6a420f18c1d876f521bcd32be6ed88da126c4727fe5fc84d24dda1a7109eff 24474c54cb43ae2228f068085eff2d860fe3000b6588d127c259171c76cc3ba2a1beeeb6053c82506286fcbfbe29367b
CLIENT_TRAFFIC_SECRET_0 cc6a420f18c1d876f521bcd32be6ed88da126c4727fe5fc84d24dda1a7109eff acde49d6e9803d8abc30ed0b11a3d51a7d921d27b3e4e82485a9361e1d4f84b8ef47d4d02e276b03ddd6ca07a0b40d0d
SERVER_TRAFFIC_SECRET_0 cc6a420f18c1d876f521bcd32be6ed88da126c4727fe5fc84d24dda1a7109eff d1386d83d3e6280c6633f83ac4491bb4763c5a082649028bf9b07d03f8d21117ae58c7fc4809070f1462ebd1f66f522f
EXPORTER_SECRET cc6a420f18c1d876f521bcd32be6ed88da126c4727fe5fc84d24dda1a7109eff 9d2202daf8920218e8a53bb3321d4b45cfddf4bb24ad3d6e334c18ec76f58376b579209f84c7b82e5ae31bc1dec56ea7
CLIENT_HANDSHAKE_TRAFFIC_SECRET 4410e2301a11308d632d5cf1943efcf50e3fc33596e4b195a84329b49f58b94d 14ad74fde94dd211f95517e5f1ea46ae955364da971cd3c9dcccdc7e2fdc5001
SERVER_HANDSHAKE_TRAFFIC_SECRET 4410e2301a11308d632d5cf1943efcf50e3fc33596e4b195a84329b49f58b94d e89dbed129287ac37c1b352f1fdcf3e87286980f6c521cf6dab91ac5d30a2fa1
CLIENT_TRAFFIC_SECRET_0 4410e2301a11308d632d5cf1943efcf50e3fc33596e4b195a84329b49f58b94d 2cf2048580d2e8cd16867c719075056630fde0c96fcf0de9aaf4e11428910a38
SERVER_TRAFFIC_SECRET_0 4410e2301a11308d632d5cf1943efcf50e3fc33596e4b195a84329b49f58b94d 7cc7dee1ca5b026d45f11d0ef75f6be5e3102cf1f9bb19c6f372acfbb92c0aa8
EXPORTER_SECRET 4410e2301a11308d632d5cf1943efcf50e3fc33596e4b195a84329b49f58b94d 9a446cde8760aa03d242525e3ef33ce0560b79bd60ff7dc233a2babb9a6c0862
CLIENT_HANDSHAKE_TRAFFIC_SECRET da9e7d40c661fbc835d39181c5533dac0d84f6b881a21b4549c4743b7f3e8bf9 711eeff24b08e4df17b80bc3f330e68dacdaa8485a27c020c9f986dfaf009a01
SERVER_HANDSHAKE_TRAFFIC_SECRET da9e7d40c661fbc835d39181c5533dac0d84f6b881a21b4549c4743b7f3e8bf9 f1fde2832b8b7143f3e471ab528565e13828d7120db12bde4201cad940724f30
CLIENT_TRAFFIC_SECRET_0 da9e7d40c661fbc835d39181c5533dac0d84f6b881a21b4549c4743b7f3e8bf9 1756e11573ed0d6d984dfc340f94c181884e92c10e4164a8458817de5118ebfe
SERVER_TRAFFIC_SECRET_0 da9e7d40c661fbc835d39181c5533dac0d84f6b881a21b4549c4743b7f3e8bf9 77d31a6b5c23b5df12aa9280f043b34edabe6460f648c128a0c988aa83145d58
EXPORTER_SECRET da9e7d40c661fbc835d39181c5533dac0d84f6b881a21b4549c4743b7f3e8bf9 5de87f1422404affcd3b08561dfd39c258b88c88a97611979ce72983c93ed505
CLIENT_HANDSHAKE_TRAFFIC_SECRET de840f92d6dc50203b9f4dd5b9043aead6af609cc90c2a01b218530e8f45c2ae d8deb04fb84d5703007d3623c7a2f39ebd2cd987308526ee087e46f5556abc95
SERVER_HANDSHAKE_TRAFFIC_SECRET de840f92d6dc50203b9f4dd5b9043aead6af609cc90c2a01b218530e8f45c2ae d8ab81a09c1bbdb877fd1f3afb1b35c056498d9bc1bca81da05a3716a8f3a5d5
CLIENT_TRAFFIC_SECRET_0 de840f92d6dc50203b9f4dd5b9043aead6af609cc90c2a01b218530e8f45c2ae 206f201f76885b7239c3cf5e31ef3a540b2fd95dc120ca44ac9c6c578ab44b7b
SERVER_TRAFFIC_SECRET_0 de840f92d6dc50203b9f4dd5b9043aead6af609cc90c2a01b218530e8f45c2ae 1631728b953138555480d09da9f69877c1e226a246d1dd52428f54f1a5dba850
EXPORTER_SECRET de840f92d6dc50203b9f4dd5b9043aead6af609cc90c2a01b218530e8f45c2ae 5fd81f33b9f57d8afb1d387416b150eb675972845bead7b6d7efe17a8318afbb
CLIENT_HANDSHAKE_TRAFFIC_SECRET 69ddd912d658a4497769ffd4402f3e1f6143ff9642afbf9c2c7aca160f728935 4a10b822a48e38894de415e9b8cf94f886e42f3783d85b565083609f27af2692
SERVER_HANDSHAKE_TRAFFIC_SECRET 69ddd912d658a4497769ffd4402f3e1f6143ff9642afbf9c2c7aca160f728935 81f31c00f9610914f05010c0882523aa8d041b8fe42cab6425f7499009941915
CLIENT_TRAFFIC_SECRET_0 69ddd912d658a4497769ffd4402f3e1f6143ff9642afbf9c2c7aca160f728935 ad3e7f1c379a293362cb592970ef13a86caea121feb390163443aa71dc65eeaa
SERVER_TRAFFIC_SECRET_0 69ddd912d658a4497769ffd4402f3e1f6143ff9642afbf9c2c7aca160f728935 5eec00c2925d52ae71ee0d35bf91ed9dae5448b8888060003680000e4ef7f5fc
EXPORTER_SECRET 69ddd912d658a4497769ffd4402f3e1f6143ff9642afbf9c2c7aca160f728935 dcd23b229f39e8dc4204f81b16ee1287510eaa1557997554ea283ffd769b6e2a
CLIENT_HANDSHAKE_TRAFFIC_SECRET a1939571011872db9d4241c9662f24ade90db28c9eba12a37532c3580241ad5e 4004e801c11c0510a2a5c9fcbf69075afc630fccc4263798f25e3b8c965b81e8
SERVER_HANDSHAKE_TRAFFIC_SECRET a1939571011872db9d4241c9662f24ade90db28c9eba12a37532c3580241ad5e 1624b1787ea1ea15c87035fb38142b2950dec20aed494f370cafb699fbdb3c6a
CLIENT_TRAFFIC_SECRET_0 a1939571011872db9d4241c9662f24ade90db28c9eba12a37532c3580241ad5e 1cdf86be572b60afad125610b678ccedc43d07fd5a7f1399db5847727c95133c
SERVER_TRAFFIC_SECRET_0 a1939571011872db9d4241c9662f24ade90db28c9eba12a37532c3580241ad5e cfa38a8bd36dcfbd3238afce1c9eedb0d95e32bbc7e71a05a3282c0d08ce34fb
EXPORTER_SECRET a1939571011872db9d4241c9662f24ade90db28c9eba12a37532c3580241ad5e 74b6d9ea06b1c42d2f45bb22eccfa8faf788ecbe0ef6e6ee297e0e6000a0efe4
CLIENT_HANDSHAKE_TRAFFIC_SECRET f89bea2e72707f5b36bb76ad329133a401fd4dc997aac143801ac6a4d7e62715 91e8ccc2d3fa9e7280255b5369681c3963318e30c7027f2a26a63d1dc29196bf
SERVER_HANDSHAKE_TRAFFIC_SECRET f89bea2e72707f5b36bb76ad329133a401fd4dc997aac143801ac6a4d7e62715 83c91fcda44ad04c8d984e7a06f5eb4aa5d7748efb5676ce9e17f622ecd27a04
CLIENT_TRAFFIC_SECRET_0 f89bea2e72707f5b36bb76ad329133a401fd4dc997aac143801ac6a4d7e62715 690bd889f3f80c88e0c28d79ef40852382d54441e76b5be0c72d03db49d50558
SERVER_TRAFFIC_SECRET_0 f89bea2e72707f5b36bb76ad329133a401fd4dc997aac143801ac6a4d7e62715 eced6de141a0c7c6cf447476f517e3d4235d5970cae7917b705a5ed8eed55880
EXPORTER_SECRET f89bea2e72707f5b36bb76ad329133a401fd4dc997aac143801ac6a4d7e62715 62236a158ae2f0ce626163fdcc28cdeb406bb2b78b63e2651aef6246a0c3887f
CLIENT_HANDSHAKE_TRAFFIC_SECRET 491b789ddf2927c97ae0cee658cba71202f9e6ceef6daefbab959cf6bd477123 df107f2b5eed8a150dec0cb3bf9ec6bee2ab7bacb60f488e33bc70c7495df257
SERVER_HANDSHAKE_TRAFFIC_SECRET 491b789ddf2927c97ae0cee658cba71202f9e6ceef6daefbab959cf6bd477123 95f13382a4f2023408bda34a1cbac0d31931c19a82e54126fd2d5d00108b6c5c
CLIENT_TRAFFIC_SECRET_0 491b789ddf2927c97ae0cee658cba71202f9e6ceef6daefbab959cf6bd477123 320f4eb8f433d0d5fde35afce582f6b0c21f764abb936b36f83ccd9b26724957
SERVER_TRAFFIC_SECRET_0 491b789ddf2927c97ae0cee658cba71202f9e6ceef6daefbab959cf6bd477123 4261e5efbe309b1ecb72578e663a2a775d7f651964c168962f969df49e38db17
EXPORTER_SECRET 491b789ddf2927c97ae0cee658cba71202f9e6ceef6daefbab959cf6bd477123 9f61953d7229ef2fe8f7227f19edc8638dbf4eed01dab18aa017b6f1f67d998b
CLIENT_HANDSHAKE_TRAFFIC_SECRET 6f8f37bb328a201db3ea5a438b2a366e64753dd0f68d1268cabf03c8dc559865 c51a397762819f8be30032df0bc1c7ae19d32813f5e7cee85819a9819e4e20058d24810982559a11fbd36537e354aa40
SERVER_HANDSHAKE_TRAFFIC_SECRET 6f8f37bb328a201db3ea5a438b2a366e64753dd0f68d1268cabf03c8dc559865 938ffa813c14bf9383ac17c9b90d242f9dbf834972a9f9606ee6dcc6b36b0e87c821af34543b15514d54cdbb0242a613
CLIENT_TRAFFIC_SECRET_0 6f8f37bb328a201db3ea5a438b2a366e64753dd0f68d1268cabf03c8dc559865 60f66b894cf300a5e8b9e9344698c2aef86c360ca95b82bf176cbbb6a823d9fbd7f73ba08b85f9ddd5b7a73b260d213f
SERVER_TRAFFIC_SECRET_0 6f8f37bb328a201db3ea5a438b2a366e64753dd0f68d1268cabf03c8dc559865 a8893d508ea0ed836459083e4dc9cc6cad0547d7edb61d9e1a04180dcffa35b01d2226e058e023ae2188084141698157
EXPORTER_SECRET 6f8f37bb328a201db3ea5a438b2a366e64753dd0f68d1268cabf03c8dc559865 9343d4b5685e2d08ff38b9043ad15ce0accd232f4d93de845ca99008028ca8aac4b36864f15915d771fd9158c695914d
CLIENT_HANDSHAKE_TRAFFIC_SECRET 38a26154d5a9b232303d291ccd5bde7ce1a5ffc7fff405916ad20def11d9a057 d8f4a29016f4bff707f33cf5363e59f069509b5da6e50e4974ee29f5a99dcd56
SERVER_HANDSHAKE_TRAFFIC_SECRET 38a26154d5a9b232303d291ccd5bde7ce1a5ffc7fff405916ad20def11d9a057 6460c604b402f7c5d79b028642114c6295d6827695d55468b9de2e1f0237c5c3
CLIENT_TRAFFIC_SECRET_0 38a26154d5a9b232303d291ccd5bde7ce1a5ffc7fff405916ad20def11d9a057 bef8d82552cf29953ed4c424ed1a71942c72c09027a1029e002cd56df0872d53
SERVER_TRAFFIC_SECRET_0 38a26154d5a9b232303d291ccd5bde7ce1a5ffc7fff405916ad20def11d9a057 fb04d88a48084b4c12e407d498291ed185a3330ccd43df8b0945cfd6672acf9d
EXPORTER_SECRET 38a26154d5a9b232303d291ccd5bde7ce1a5ffc7fff405916ad20def11d9a057 a5dedddac72f4165e938392aa19a57d45244f0276b82d0b8f512355d6ccb2f6e
CLIENT_HANDSHAKE_TRAFFIC_SECRET 3e36a4822ac7fd470925d20cd9183176769e88724f49aa247bc803dc38fd16ea e8131d8607d8068c5f10d1928aa359c05be7defdc37148568f0e6ca85598beaf
SERVER_HANDSHAKE_TRAFFIC_SECRET 3e36a4822ac7fd470925d20cd9183176769e88724f49aa247bc803dc38fd16ea 7d15c479a8f4884d10c38ebd33c974c9c060346d9233a1b6b05949814b336e99
CLIENT_TRAFFIC_SECRET_0 3e36a4822ac7fd470925d20cd9183176769e88724f49aa247bc803dc38fd16ea 29621b85646b99cf40535547463c23046ce3b282378c0ed5ecdc2cf7142440a7
SERVER_TRAFFIC_SECRET_0 3e36a4822ac7fd470925d20cd9183176769e88724f49aa247bc803dc38fd16ea a576baed871bd1dfd4cd956588e6e5652a256d9e6b4c9329d7eed3c03b22ad9c
EXPORTER_SECRET 3e36a4822ac7fd470925d20cd9183176769e88724f49aa247bc803dc38fd16ea adbc1394dde2a88e50decc271da372f0e3a088f22cb7ae3bc3621caeffdae8a8
CLIENT_HANDSHAKE_TRAFFIC_SECRET 2b08ede0201bdaca79b7d42d7ba084273af4e889f4f51e50e513682f08cc5a19 e94ddb78d03b03841d858d4f0a4f72311bc4269d1e3f88a3979652f16bd9e666
SERVER_HANDSHAKE_TRAFFIC_SECRET 2b08ede0201bdaca79b7d42d7ba084273af4e889f4f51e50e513682f08cc5a19 ff70deede220d643fa011be3f9afaa504e9b7ceeace305fa39ef4dc87dc0aa53
CLIENT_TRAFFIC_SECRET_0 2b08ede0201bdaca79b7d42d7ba084273af4e889f4f51e50e513682f08cc5a19 d93cea4ce96b53c72a111192ede45c4594c621ee320363524a8ce916fa998236
SERVER_TRAFFIC_SECRET_0 2b08ede0201bdaca79b7d42d7ba084273af4e889f4f51e50e513682f08cc5a19 343b192c91d08ef9af4c108278a3f9276bcf7f471219f8502bd15372a10aa541
EXPORTER_SECRET 2b08ede0201bdaca79b7d42d7ba084273af4e889f4f51e50e513682f08cc5a19 404e70be8c58882cad1506a7d2011925baf29dde6848b3536e499081e588691f
CLIENT_HANDSHAKE_TRAFFIC_SECRET 2c70f23ca312acf322ab77161a9b40252dac83a51a8ef8e173ff12df3a91796e 622c0e7fb2eace5df2351282ecde14ad78588a9122bd5ec7de2db66ca5fe5ed2
SERVER_HANDSHAKE_TRAFFIC_SECRET 2c70f23ca312acf322ab77161a9b40252dac83a51a8ef8e173ff12df3a91796e b5cd377624e27ce9c2c70658327ffe1e9cc7f246a8dec2a38dcd1648d482aca6
CLIENT_HANDSHAKE_TRAFFIC_SECRET ca4256b73020dc050972c10ee1a24734ecbaccb28928e54368d463e360b6ff90 533795554c2ea307e572fd11111d4544461e31a51e2fdd4222b60eb3e9590a71
SERVER_HANDSHAKE_TRAFFIC_SECRET ca4256b73020dc050972c10ee1a24734ecbaccb28928e54368d463e360b6ff90 f29391babe275a378730318a6db636fe1628c2abb9b2676001ee390a3caec688
CLIENT_TRAFFIC_SECRET_0 2c70f23ca312acf322ab77161a9b40252dac83a51a8ef8e173ff12df3a91796e 95ab7dd6e0994b16ff24e32b6a58c14c7e483d397ef7ba41a080be2bc64289ed
SERVER_TRAFFIC_SECRET_0 2c70f23ca312acf322ab77161a9b40252dac83a51a8ef8e173ff12df3a91796e 9b330f50025f7ccdc737e9442a3c3b0f57b8f7258ee418d73ac242e5b35c8c28
EXPORTER_SECRET 2c70f23ca312acf322ab77161a9b40252dac83a51a8ef8e173ff12df3a91796e 97b5668a18182491014717bf231e8ca911084e5f7338e33501c63b3047f4dccf
CLIENT_TRAFFIC_SECRET_0 ca4256b73020dc050972c10ee1a24734ecbaccb28928e54368d463e360b6ff90 f2589c3023293809803177be81d19f0b9400d3e090aa10795ab504ee29a8c866
SERVER_TRAFFIC_SECRET_0 ca4256b73020dc050972c10ee1a24734ecbaccb28928e54368d463e360b6ff90 94a68a7ac019ec6cfecc7247b20755d88b60743e2065757f0fe81bde3e3d7326
EXPORTER_SECRET ca4256b73020dc050972c10ee1a24734ecbaccb28928e54368d463e360b6ff90 eb6d41e9030bd9c167c0083f3d138f9f403f05a68cb5e6ee6a7937ebebcd344b
CLIENT_HANDSHAKE_TRAFFIC_SECRET 8c7d63e123cdcfe51a85df6f15c1935c2048f5685742e3c9bd93895090ffca9a 256f73d8f3cfde9921db77a3ee9b7dde8a6960251a6c80373bcaf1936b8bc0e7
SERVER_HANDSHAKE_TRAFFIC_SECRET 8c7d63e123cdcfe51a85df6f15c1935c2048f5685742e3c9bd93895090ffca9a ba9ca19100fd0ce30a6c7a07be554389484e7366039057c3eb19f7fad01c4ecc
CLIENT_TRAFFIC_SECRET_0 8c7d63e123cdcfe51a85df6f15c1935c2048f5685742e3c9bd93895090ffca9a 4b8ca276591529e0147b7c3c1f5154767495dad61fda6a27a6f9b0d694409e9b
SERVER_TRAFFIC_SECRET_0 8c7d63e123cdcfe51a85df6f15c1935c2048f5685742e3c9bd93895090ffca9a e0ea7654430778ba6edb915030d104c72b379941ae634cf2070972292c5cbe86
EXPORTER_SECRET 8c7d63e123cdcfe51a85df6f15c1935c2048f5685742e3c9bd93895090ffca9a 3ea88ef2ea3a142553042f154ab9c3f52c3eb70ac3042f1b909a2695e74ac1d3
CLIENT_HANDSHAKE_TRAFFIC_SECRET 135a0f763398d486cbeca773df1099aab01d108a97eac421f646f0fee0d2937a 35ae178559faa75550eef10361be6ee1c260e914330d563d724585a02336b506
SERVER_HANDSHAKE_TRAFFIC_SECRET 135a0f763398d486cbeca773df1099aab01d108a97eac421f646f0fee0d2937a f1283aed5dc3f2ece4234c91f02d3d417b39160069dd42995f792171d3ab33d3
CLIENT_TRAFFIC_SECRET_0 135a0f763398d486cbeca773df1099aab01d108a97eac421f646f0fee0d2937a 7437d833287150aa4a0ff906a42d90b9c4e1ea3a3318ed037066fd5101b7c5af
SERVER_TRAFFIC_SECRET_0 135a0f763398d486cbeca773df1099aab01d108a97eac421f646f0fee0d2937a 8eed842823b13f5b476dbfbc6805a0b4e4f9ba379381e18233dc2d0a0c26cba1
EXPORTER_SECRET 135a0f763398d486cbeca773df1099aab01d108a97eac421f646f0fee0d2937a 5bdd706266b34ef839d28578d691e31a45c1a22254374851ea5f242735dabbc6
CLIENT_HANDSHAKE_TRAFFIC_SECRET 391d0a117be3dd31253c20e6ebf130b80bfe642be7db770e8f03638bd844f313 f0bf23c2a69df9e15c4dab068c929585760d55193ca4998e0c983867813a6fc997374eea38e8ed14476de2b57d417445
SERVER_HANDSHAKE_TRAFFIC_SECRET 391d0a117be3dd31253c20e6ebf130b80bfe642be7db770e8f03638bd844f313 35fb22196b2624bc8f8cd599e26594cec181ba1bfc366564c683a5ec40599e424704705429ebb47786594137dfc21119
CLIENT_TRAFFIC_SECRET_0 391d0a117be3dd31253c20e6ebf130b80bfe642be7db770e8f03638bd844f313 a06f486a81cf6e35970642d77103cd12c02a8b0842df252a7611101cc044ab4502d68d170e3e81824ad82eedc36afc6e
SERVER_TRAFFIC_SECRET_0 391d0a117be3dd31253c20e6ebf130b80bfe642be7db770e8f03638bd844f313 250fb7b5fcdc1284fdeb8327d9b5ae4a5515f65b5b7333db461f15b638b40a9d9c3603cde27b780170106ea0c4f86297
EXPORTER_SECRET 391d0a117be3dd31253c20e6ebf130b80bfe642be7db770e8f03638bd844f313 a0a0be0c61f51ac4ddb683bc0bf72fcd7638e5f6130c03764eaab114c36ef1e5d73a439af2fc0ad31d5b98d9a2fcb76e
CLIENT_HANDSHAKE_TRAFFIC_SECRET b4cef00ac9d1f9e494cec0d19703389baf47f4bea68041eeddefcada014e3051 261db6b84c6f51db8a000b9d164647fe4eeb3d12d214921d50653437fb7e948e
SERVER_HANDSHAKE_TRAFFIC_SECRET b4cef00ac9d1f9e494cec0d19703389baf47f4bea68041eeddefcada014e3051 37d5d3dadc8fbc33e735d96a3995ec4fa19b4ccc90df4ddf1016df5627b8a874
CLIENT_TRAFFIC_SECRET_0 b4cef00ac9d1f9e494cec0d19703389baf47f4bea68041eeddefcada014e3051 e32874177ab39a41450f4ae011f134b4de92a5e6ba2cd7a51c33a8660963e984
SERVER_TRAFFIC_SECRET_0 b4cef00ac9d1f9e494cec0d19703389baf47f4bea68041eeddefcada014e3051 4744e087dfbe84b09a15c081979c034e2e2b9bb3e07631be007eaf6f2312c58e
EXPORTER_SECRET b4cef00ac9d1f9e494cec0d19703389baf47f4bea68041eeddefcada014e3051 775612cb51f96313e16ebe7ea287ebb58cacc61b7dca3274ce5dc98a3b738936
CLIENT_HANDSHAKE_TRAFFIC_SECRET bbbb8ee4b2d76497b91dbebc2b4c4b1b0bb08a9aba59a9d5bca5e24c2bbc4a34 edc1ae5225461bb56fb9d0b4b09401355d263b8469269409e8b31c97809dc99c
SERVER_HANDSHAKE_TRAFFIC_SECRET bbbb8ee4b2d76497b91dbebc2b4c4b1b0bb08a9aba59a9d5bca5e24c2bbc4a34 82b693375e71e31829089a89bc88791733ada19f051c5ec6ec10b12cb5106983
CLIENT_TRAFFIC_SECRET_0 bbbb8ee4b2d76497b91dbebc2b4c4b1b0bb08a9aba59a9d5bca5e24c2bbc4a34 155a108675709e9582cd106afaa2049767b97c121b09a212cff75204497db454
SERVER_TRAFFIC_SECRET_0 bbbb8ee4b2d76497b91dbebc2b4c4b1b0bb08a9aba59a9d5bca5e24c2bbc4a34 1f01a83d95cd25cbcfed5373de41bc0ffdb0f83859716e4fae3a450e742b37c7
EXPORTER_SECRET bbbb8ee4b2d76497b91dbebc2b4c4b1b0bb08a9aba59a9d5bca5e24c2bbc4a34 b296b5c6208d6c90e9baab805a5b87090788ef3bc42d3ac8d47cf99b8590179d
CLIENT_HANDSHAKE_TRAFFIC_SECRET 910212efab5e5eaa2fc13eebf72c892a275ed23228ee21b08fdccd93cf907805 f9c2608fb520ae8dc4c7360e0f70c47139476e744f48335a6f4f42125829051d
SERVER_HANDSHAKE_TRAFFIC_SECRET 910212efab5e5eaa2fc13eebf72c892a275ed23228ee21b08fdccd93cf907805 c9e500f84131f0434b08c677adcbb9aa96153d1556180db39b6f7861aac53aa8
CLIENT_TRAFFIC_SECRET_0 910212efab5e5eaa2fc13eebf72c892a275ed23228ee21b08fdccd93cf907805 fc98a33c1dd36b19e80e517d60182a8b2685fc8525f29d1b27bfbcbcfc914e8e
SERVER_TRAFFIC_SECRET_0 910212efab5e5eaa2fc13eebf72c892a275ed23228ee21b08fdccd93cf907805 c3d33f3fa9e3e2e7c83ccce0742037ef0852cd6e31333782a407d897a286b706
EXPORTER_SECRET 910212efab5e5eaa2fc13eebf72c892a275ed23228ee21b08fdccd93cf907805 3c54916451e6076406f82f889bc3c78a4d4fff8131a7008da5f30acd658f2bb5
