============================================================
[*] TLShunter Chrome analysis started
[*] Start time      : 2026-04-17 16:19:10 +0800
[*] Host            : palm-Dell-Pro-Tower-QCT1250
[*] Root dir        : /home/palm/TLSHunter
[*] Binary          : /home/palm/TLSHunter/TLSKeyHunter/binary/chrome
[*] Image tag       : tlshunter-integrated:phase2
[*] Log file        : /home/palm/TLSHunter/results/chrome_analysis_20260417_161910.log
[*] JSON output     : /home/palm/TLSHunter/results/143_auto.json
[*] Worker PID      : 9690
============================================================
[*] Docker image already exists, skipping build.
[*] Starting Docker analysis...
[*] Analyzing chrome
Picked up JAVA_TOOL_OPTIONS: -Dlog4j.configurationFile=/usr/local/src/custom_log4j.xml
Picked up _JAVA_OPTIONS: -Xmx16G
Picked up JAVA_TOOL_OPTIONS: -Dlog4j.configurationFile=/usr/local/src/custom_log4j.xml
Picked up _JAVA_OPTIONS: -Xmx16G
Picked up JAVA_TOOL_OPTIONS: -Dlog4j.configurationFile=/usr/local/src/custom_log4j.xml
Picked up _JAVA_OPTIONS: -Xmx16G
openjdk version "21.0.10" 2026-01-20 LTS
OpenJDK Runtime Environment Temurin-21.0.10+7 (build 21.0.10+7-LTS)
OpenJDK 64-Bit Server VM Temurin-21.0.10+7 (build 21.0.10+7-LTS, mixed mode)
Using log config file: file:/usr/local/src/custom_log4j.xml
Using log file: /root/.config/ghidra/ghidra_12.0.3_PUBLIC/application.log
Loading user preferences: /root/.config/ghidra/ghidra_12.0.3_PUBLIC/preferences
Searching for classes...
Class search complete (500 ms)
Initializing SSL Context
Initializing Random Number Generator...
Random Number Generator initialization complete: NativePRNGNonBlocking
Trust manager disabled, cacerts have not been set
Starting cache cleanup: /var/tmp/root-ghidra/fscache2
Finished cache cleanup, estimated storage used: 0
Headless startup complete (1226 ms)
Class searcher loaded 58 extension points (18 false positives)
HEADLESS Script Paths:
    /opt/ghidra_12.0.3_PUBLIC/Ghidra/Debug/Debugger/ghidra_scripts
    /opt/ghidra_12.0.3_PUBLIC/Ghidra/Processors/PIC/ghidra_scripts
    /opt/ghidra_12.0.3_PUBLIC/Ghidra/Features/FileFormats/ghidra_scripts
    /opt/ghidra_12.0.3_PUBLIC/Ghidra/Features/WildcardAssembler/ghidra_scripts
    /opt/ghidra_12.0.3_PUBLIC/Ghidra/Features/FunctionID/ghidra_scripts
    /opt/ghidra_12.0.3_PUBLIC/Ghidra/Features/PyGhidra/ghidra_scripts
    /opt/ghidra_12.0.3_PUBLIC/Ghidra/Features/SystemEmulation/ghidra_scripts
    /opt/ghidra_12.0.3_PUBLIC/Ghidra/Features/MicrosoftCodeAnalyzer/ghidra_scripts
    /opt/ghidra_12.0.3_PUBLIC/Ghidra/Features/GnuDemangler/ghidra_scripts
    /opt/ghidra_12.0.3_PUBLIC/Ghidra/Features/BSim/ghidra_scripts
    /opt/ghidra_12.0.3_PUBLIC/Ghidra/Features/PDB/ghidra_scripts
    /opt/ghidra_12.0.3_PUBLIC/Ghidra/Features/VersionTracking/ghidra_scripts
    /opt/ghidra_12.0.3_PUBLIC/Ghidra/Processors/JVM/ghidra_scripts
    /usr/local/src
    /opt/ghidra_12.0.3_PUBLIC/Ghidra/Processors/8051/ghidra_scripts
    /opt/ghidra_12.0.3_PUBLIC/Ghidra/Features/Decompiler/ghidra_scripts
    /opt/ghidra_12.0.3_PUBLIC/Ghidra/Features/Base/ghidra_scripts
    /opt/ghidra_12.0.3_PUBLIC/Ghidra/Features/SwiftDemangler/ghidra_scripts
    /opt/ghidra_12.0.3_PUBLIC/Ghidra/Processors/Atmel/ghidra_scripts
    /opt/ghidra_12.0.3_PUBLIC/Ghidra/Debug/Debugger-rmi-trace/ghidra_scripts
    /opt/ghidra_12.0.3_PUBLIC/Ghidra/Features/DecompilerDependent/ghidra_scripts
    /opt/ghidra_12.0.3_PUBLIC/Ghidra/Processors/DATA/ghidra_scripts
    /opt/ghidra_12.0.3_PUBLIC/Ghidra/Features/Jython/ghidra_scripts
    /opt/ghidra_12.0.3_PUBLIC/Ghidra/Features/BytePatterns/ghidra_scripts
HEADLESS: execution starts
Creating project: /tmp/tlshunter_1776413950
Creating project: /tmp/tlshunter_1776413950
REPORT: Processing input files: 
     project: /tmp/tlshunter_1776413950
IMPORTING: file:///usr/local/src/binaries/chrome
Using Loader: Executable and Linking Format (ELF)
Using Language/Compiler: x86:LE:64:default:gcc
Using Library Search Path: [., /bin, /lib, /lib64, /lib/x86_64-linux-gnu, /lib/aarch64-linux-gnu, /usr/bin, /usr/lib, /usr/X11R6/bin, /usr/X11R6/lib, /usr/java/packages/lib, /usr/lib64]
Additional info:
Loading file:///usr/local/src/binaries/chrome?MD5=71544537d5ccb6f1dc93db62c36d60b2...
Skipping section [.tm_clone_table] with invalid size 0x0
Setting block .tdata to read-only
Setting block .fini_array to read-only
Setting block .init_array to read-only
Setting block .data.rel.ro to read-only
Setting block .dynamic to read-only
Installed 3 Rust cspec extensions
------------------------------------------------

Linking the External Programs of 'chrome' to imported libraries...
  [libdl.so.2] -> not found in project
  [libpthread.so.0] -> not found in project
  [libglib-2.0.so.0] -> not found in project
  [libgobject-2.0.so.0] -> not found in project
  [libnspr4.so] -> not found in project
  [libnss3.so] -> not found in project
  [libnssutil3.so] -> not found in project
  [libsmime3.so] -> not found in project
  [libdbus-1.so.3] -> not found in project
  [libgio-2.0.so.0] -> not found in project
  [libatk-1.0.so.0] -> not found in project
  [libatk-bridge-2.0.so.0] -> not found in project
  [libcups.so.2] -> not found in project
  [libexpat.so.1] -> not found in project
  [libxcb.so.1] -> not found in project
  [libxkbcommon.so.0] -> not found in project
  [libatspi.so.0] -> not found in project
  [libm.so.6] -> not found in project
  [libX11.so.6] -> not found in project
  [libXcomposite.so.1] -> not found in project
  [libXdamage.so.1] -> not found in project
  [libXext.so.6] -> not found in project
  [libXfixes.so.3] -> not found in project
  [libXrandr.so.2] -> not found in project
  [libgbm.so.1] -> not found in project
  [libcairo.so.2] -> not found in project
  [libpango-1.0.so.0] -> not found in project
  [libudev.so.1] -> not found in project
  [libasound.so.2] -> not found in project
  [libgcc_s.so.1] -> not found in project
  [libc.so.6] -> not found in project
  [ld-linux-x86-64.so.2] -> not found in project
------------------------------------------------

Resolving External Symbols of [/chrome] - 1328 unresolved symbols, no external libraries configured - skipping

IMPORTING: Loaded 0 additional files
REPORT: Execute script: MinimalAnalysisOption.java 
SCRIPT: /usr/local/src/MinimalAnalysisOption.java
ANALYZING all memory and code: file:///usr/local/src/binaries/chrome
Invalid PNG data at 01865518
Invalid GIF data at 01c38146
Invalid GIF data at 01c38154
Invalid PNG data at 01e6a702
Invalid PNG data at 02219740
Invalid GIF data at 0248c32c
Invalid GIF data at 0248c333
Invalid PNG data at 0511d671
Invalid PNG data at 0ae1ec93
Invalid PNG data at 0ae2003f
Invalid PNG data at 0ae2bacb
Invalid PNG data at 0e9a16e7
